
> marketing-schema@1.0.0 test
> jest

FAIL src/schemas/marketing/__contracts__/productContent.contracts.test.ts
  ‚óè Test suite failed to run

    [96msrc/schemas/marketing/__contracts__/productContent.contracts.test.ts[0m:[93m1[0m:[93m1[0m - [91merror[0m[90m TS6133: [0m'z' is declared but its value is never read.

    [7m1[0m import { z } from 'zod';
    [7m [0m [91m~~~~~~~~~~~~~~~~~~~~~~~~[0m
    [96msrc/schemas/marketing/__contracts__/productContent.contracts.test.ts[0m:[93m11[0m:[93m6[0m - [91merror[0m[90m TS6196: [0m'InvalidTransition' is declared but never used.

    [7m11[0m type InvalidTransition =
    [7m  [0m [91m     ~~~~~~~~~~~~~~~~~[0m
    [96msrc/schemas/marketing/__contracts__/productContent.contracts.test.ts[0m:[93m31[0m:[93m10[0m - [91merror[0m[90m TS6196: [0m'AssertInvalid' is declared but never used.

    [7m31[0m     type AssertInvalid<T extends never> = T;
    [7m  [0m [91m         ~~~~~~~~~~~~~[0m
    [96msrc/schemas/marketing/__contracts__/productContent.contracts.test.ts[0m:[93m68[0m:[93m10[0m - [91merror[0m[90m TS6196: [0m'OptionalFields' is declared but never used.

    [7m68[0m     type OptionalFields = Partial<Pick<ProductContent,
    [7m  [0m [91m         ~~~~~~~~~~~~~~[0m

FAIL src/schemas/marketing/__contracts__/marketingCampaign.contracts.test.ts
  ‚óè Test suite failed to run

    [96msrc/schemas/marketing/__contracts__/marketingCampaign.contracts.test.ts[0m:[93m1[0m:[93m1[0m - [91merror[0m[90m TS6133: [0m'z' is declared but its value is never read.

    [7m1[0m import { z } from 'zod';
    [7m [0m [91m~~~~~~~~~~~~~~~~~~~~~~~~[0m
    [96msrc/schemas/marketing/__contracts__/marketingCampaign.contracts.test.ts[0m:[93m2[0m:[93m10[0m - [91merror[0m[90m TS6133: [0m'MarketingCampaign' is declared but its value is never read.

    [7m2[0m import { MarketingCampaign, CampaignStatus, CampaignGoal, CampaignMetrics } from '../../../types/marketing.types';
    [7m [0m [91m         ~~~~~~~~~~~~~~~~~[0m
    [96msrc/schemas/marketing/__contracts__/marketingCampaign.contracts.test.ts[0m:[93m2[0m:[93m29[0m - [91merror[0m[90m TS6133: [0m'CampaignStatus' is declared but its value is never read.

    [7m2[0m import { MarketingCampaign, CampaignStatus, CampaignGoal, CampaignMetrics } from '../../../types/marketing.types';
    [7m [0m [91m                            ~~~~~~~~~~~~~~[0m
    [96msrc/schemas/marketing/__contracts__/marketingCampaign.contracts.test.ts[0m:[93m11[0m:[93m6[0m - [91merror[0m[90m TS6196: [0m'BudgetConstraint' is declared but never used.

    [7m11[0m type BudgetConstraint = {
    [7m  [0m [91m     ~~~~~~~~~~~~~~~~[0m
    [96msrc/schemas/marketing/__contracts__/marketingCampaign.contracts.test.ts[0m:[93m33[0m:[93m10[0m - [91merror[0m[90m TS6196: [0m'AssertInvalid' is declared but never used.

    [7m33[0m     type AssertInvalid<T extends never> = T;
    [7m  [0m [91m         ~~~~~~~~~~~~~[0m
    [96msrc/schemas/marketing/__contracts__/marketingCampaign.contracts.test.ts[0m:[93m75[0m:[93m10[0m - [91merror[0m[90m TS6196: [0m'GoalProgressConstraint' is declared but never used.

    [7m75[0m     type GoalProgressConstraint = {
    [7m  [0m [91m         ~~~~~~~~~~~~~~~~~~~~~~[0m
    [96msrc/schemas/marketing/__contracts__/marketingCampaign.contracts.test.ts[0m:[93m104[0m:[93m10[0m - [91merror[0m[90m TS6196: [0m'MetricConstraints' is declared but never used.

    [7m104[0m     type MetricConstraints = {
    [7m   [0m [91m         ~~~~~~~~~~~~~~~~~[0m
    [96msrc/schemas/marketing/__contracts__/marketingCampaign.contracts.test.ts[0m:[93m113[0m:[93m13[0m - [91merror[0m[90m TS6133: [0m'calculatedRoi' is declared but its value is never read.

    [7m113[0m       const calculatedRoi = spentBudget > 0 ? (metrics.revenue - spentBudget) / spentBudget : 0;
    [7m   [0m [91m            ~~~~~~~~~~~~~[0m
    [96msrc/schemas/marketing/__contracts__/marketingCampaign.contracts.test.ts[0m:[93m136[0m:[93m10[0m - [91merror[0m[90m TS6196: [0m'DateConstraint' is declared but never used.

    [7m136[0m     type DateConstraint = {
    [7m   [0m [91m         ~~~~~~~~~~~~~~[0m

FAIL src/schemas/marketing/__contracts__/productBundle.contracts.test.ts
  ‚óè Test suite failed to run

    [96msrc/schemas/marketing/__contracts__/productBundle.contracts.test.ts[0m:[93m1[0m:[93m1[0m - [91merror[0m[90m TS6133: [0m'z' is declared but its value is never read.

    [7m1[0m import { z } from 'zod';
    [7m [0m [91m~~~~~~~~~~~~~~~~~~~~~~~~[0m
    [96msrc/schemas/marketing/__contracts__/productBundle.contracts.test.ts[0m:[93m4[0m:[93m6[0m - [91merror[0m[90m TS6196: [0m'PricingConstraint' is declared but never used.

    [7m4[0m type PricingConstraint = {
    [7m [0m [91m     ~~~~~~~~~~~~~~~~~[0m
    [96msrc/schemas/marketing/__contracts__/productBundle.contracts.test.ts[0m:[93m11[0m:[93m6[0m - [91merror[0m[90m TS6196: [0m'DiscountTypeConstraint' is declared but never used.

    [7m11[0m type DiscountTypeConstraint =
    [7m  [0m [91m     ~~~~~~~~~~~~~~~~~~~~~~[0m
    [96msrc/schemas/marketing/__contracts__/productBundle.contracts.test.ts[0m:[93m18[0m:[93m10[0m - [91merror[0m[90m TS6196: [0m'BundleConstraint' is declared but never used.

    [7m18[0m     type BundleConstraint = {
    [7m  [0m [91m         ~~~~~~~~~~~~~~~~[0m
    [96msrc/schemas/marketing/__contracts__/productBundle.contracts.test.ts[0m:[93m104[0m:[93m10[0m - [91merror[0m[90m TS6196: [0m'QuantityConstraint' is declared but never used.

    [7m104[0m     type QuantityConstraint = {
    [7m   [0m [91m         ~~~~~~~~~~~~~~~~~~[0m
    [96msrc/schemas/marketing/__contracts__/productBundle.contracts.test.ts[0m:[93m127[0m:[93m10[0m - [91merror[0m[90m TS6196: [0m'AvailabilityConstraint' is declared but never used.

    [7m127[0m     type AvailabilityConstraint = {
    [7m   [0m [91m         ~~~~~~~~~~~~~~~~~~~~~~[0m
    [96msrc/schemas/marketing/__contracts__/productBundle.contracts.test.ts[0m:[93m171[0m:[93m10[0m - [91merror[0m[90m TS6196: [0m'MarketingContentConstraint' is declared but never used.

    [7m171[0m     type MarketingContentConstraint = {
    [7m   [0m [91m         ~~~~~~~~~~~~~~~~~~~~~~~~~~[0m

FAIL src/schemas/marketing/__tests__/productContent.test.ts
  ‚óè Test suite failed to run

    [96msrc/schemas/marketing/__tests__/productContent.test.ts[0m:[93m1[0m:[93m1[0m - [91merror[0m[90m TS6133: [0m'z' is declared but its value is never read.

    [7m1[0m import { z } from 'zod';
    [7m [0m [91m~~~~~~~~~~~~~~~~~~~~~~~~[0m
    [96msrc/schemas/marketing/__tests__/productContent.test.ts[0m:[93m7[0m:[93m26[0m - [91merror[0m[90m TS6133: [0m'WorkflowState' is declared but its value is never read.

    [7m7[0m import { ProductContent, WorkflowState } from '../../../types/marketing.types';
    [7m [0m [91m                         ~~~~~~~~~~~~~[0m

FAIL src/schemas/marketing/__tests__/marketingCampaign.test.ts
  ‚óè Test suite failed to run

    [96msrc/schemas/marketing/__tests__/marketingCampaign.test.ts[0m:[93m1[0m:[93m1[0m - [91merror[0m[90m TS6133: [0m'z' is declared but its value is never read.

    [7m1[0m import { z } from 'zod';
    [7m [0m [91m~~~~~~~~~~~~~~~~~~~~~~~~[0m
    [96msrc/schemas/marketing/__tests__/marketingCampaign.test.ts[0m:[93m7[0m:[93m29[0m - [91merror[0m[90m TS6133: [0m'CampaignStatus' is declared but its value is never read.

    [7m7[0m import { MarketingCampaign, CampaignStatus } from '../../../types/marketing.types';
    [7m [0m [91m                            ~~~~~~~~~~~~~~[0m

FAIL src/schemas/marketing/__tests__/productBundle.test.ts
  ‚óè Test suite failed to run

    [96msrc/schemas/marketing/__tests__/productBundle.test.ts[0m:[93m1[0m:[93m1[0m - [91merror[0m[90m TS6133: [0m'z' is declared but its value is never read.

    [7m1[0m import { z } from 'zod';
    [7m [0m [91m~~~~~~~~~~~~~~~~~~~~~~~~[0m
    [96msrc/schemas/marketing/__tests__/productBundle.test.ts[0m:[93m7[0m:[93m1[0m - [91merror[0m[90m TS6192: [0mAll imports in import declaration are unused.

    [7m7[0m import { ProductBundle, BundlePricing } from '../../../types/marketing.types';
    [7m [0m [91m~~~~~~~~~~~~~~~~~~~~~~~~~~~~~~~~~~~~~~~~~~~~~~~~~~~~~~~~~~~~~~~~~~~~~~~~~~~~~~[0m

Test Suites: 6 failed, 6 total
Tests:       0 total
Snapshots:   0 total
Time:        15.703 s
Ran all test suites.
