{"/Users/andrewkhoh/Documents/myfarmstand-mobile/src/components/index.ts": {"path":"/Users/andrewkhoh/Documents/myfarmstand-mobile/src/components/index.ts","statementMap":{},"fnMap":{},"branchMap":{},"s":{},"f":{},"b":{}}
,"/Users/andrewkhoh/Documents/myfarmstand-mobile/src/config/queryClient.ts": {"path":"/Users/andrewkhoh/Documents/myfarmstand-mobile/src/config/queryClient.ts","statementMap":{"0":{"start":{"line":4,"column":27},"end":{"line":14,"column":2}}},"fnMap":{},"branchMap":{},"s":{"0":0},"f":{},"b":{}}
,"/Users/andrewkhoh/Documents/myfarmstand-mobile/src/screens/index.ts": {"path":"/Users/andrewkhoh/Documents/myfarmstand-mobile/src/screens/index.ts","statementMap":{},"fnMap":{},"branchMap":{},"s":{},"f":{},"b":{}}
,"/Users/andrewkhoh/Documents/myfarmstand-mobile/src/utils/realtimeDiagnostic.ts": {"path":"/Users/andrewkhoh/Documents/myfarmstand-mobile/src/utils/realtimeDiagnostic.ts","statementMap":{"0":{"start":{"line":11,"column":4},"end":{"line":11,"column":61}},"1":{"start":{"line":13,"column":4},"end":{"line":65,"column":5}},"2":{"start":{"line":15,"column":6},"end":{"line":15,"column":57}},"3":{"start":{"line":16,"column":57},"end":{"line":16,"column":89}},"4":{"start":{"line":17,"column":6},"end":{"line":21,"column":7}},"5":{"start":{"line":18,"column":8},"end":{"line":18,"column":65}},"6":{"start":{"line":20,"column":8},"end":{"line":20,"column":99}},"7":{"start":{"line":24,"column":6},"end":{"line":24,"column":52}},"8":{"start":{"line":25,"column":6},"end":{"line":30,"column":7}},"9":{"start":{"line":26,"column":28},"end":{"line":26,"column":72}},"10":{"start":{"line":27,"column":8},"end":{"line":27,"column":70}},"11":{"start":{"line":29,"column":8},"end":{"line":29,"column":56}},"12":{"start":{"line":33,"column":6},"end":{"line":33,"column":67}},"13":{"start":{"line":34,"column":21},"end":{"line":34,"column":60}},"14":{"start":{"line":35,"column":6},"end":{"line":35,"column":53}},"15":{"start":{"line":37,"column":6},"end":{"line":47,"column":7}},"16":{"start":{"line":38,"column":8},"end":{"line":38,"column":91}},"17":{"start":{"line":39,"column":8},"end":{"line":39,"column":54}},"18":{"start":{"line":40,"column":8},"end":{"line":40,"column":53}},"19":{"start":{"line":43,"column":8},"end":{"line":46,"column":17}},"20":{"start":{"line":44,"column":28},"end":{"line":44,"column":67}},"21":{"start":{"line":45,"column":10},"end":{"line":45,"column":67}},"22":{"start":{"line":50,"column":6},"end":{"line":50,"column":53}},"23":{"start":{"line":51,"column":6},"end":{"line":59,"column":7}},"24":{"start":{"line":52,"column":8},"end":{"line":55,"column":11}},"25":{"start":{"line":56,"column":8},"end":{"line":56,"column":51}},"26":{"start":{"line":58,"column":8},"end":{"line":58,"column":57}},"27":{"start":{"line":61,"column":6},"end":{"line":61,"column":44}},"28":{"start":{"line":64,"column":6},"end":{"line":64,"column":51}},"29":{"start":{"line":69,"column":4},"end":{"line":69,"column":53}},"30":{"start":{"line":70,"column":4},"end":{"line":70,"column":83}},"31":{"start":{"line":71,"column":4},"end":{"line":71,"column":80}}},"fnMap":{"0":{"name":"(anonymous_0)","decl":{"start":{"line":10,"column":2},"end":{"line":10,"column":3}},"loc":{"start":{"line":10,"column":35},"end":{"line":66,"column":3}},"line":10},"1":{"name":"(anonymous_1)","decl":{"start":{"line":43,"column":19},"end":{"line":43,"column":20}},"loc":{"start":{"line":43,"column":25},"end":{"line":46,"column":9}},"line":43},"2":{"name":"(anonymous_2)","decl":{"start":{"line":68,"column":2},"end":{"line":68,"column":3}},"loc":{"start":{"line":68,"column":27},"end":{"line":72,"column":3}},"line":68}},"branchMap":{"0":{"loc":{"start":{"line":17,"column":6},"end":{"line":21,"column":7}},"type":"if","locations":[{"start":{"line":17,"column":6},"end":{"line":21,"column":7}},{"start":{"line":19,"column":13},"end":{"line":21,"column":7}}],"line":17},"1":{"loc":{"start":{"line":20,"column":58},"end":{"line":20,"column":97}},"type":"cond-expr","locations":[{"start":{"line":20,"column":68},"end":{"line":20,"column":83}},{"start":{"line":20,"column":86},"end":{"line":20,"column":97}}],"line":20},"2":{"loc":{"start":{"line":37,"column":6},"end":{"line":47,"column":7}},"type":"if","locations":[{"start":{"line":37,"column":6},"end":{"line":47,"column":7}},{"start":{},"end":{}}],"line":37}},"s":{"0":0,"1":0,"2":0,"3":0,"4":0,"5":0,"6":0,"7":0,"8":0,"9":0,"10":0,"11":0,"12":0,"13":0,"14":0,"15":0,"16":0,"17":0,"18":0,"19":0,"20":0,"21":0,"22":0,"23":0,"24":0,"25":0,"26":0,"27":0,"28":0,"29":0,"30":0,"31":0},"f":{"0":0,"1":0,"2":0},"b":{"0":[0,0],"1":[0,0],"2":[0,0]}}
}
