TN:
SF:src/ARCHIVE/useCentralizedRealtime.ts
FN:38,(anonymous_0)
FN:59,(anonymous_1)
FN:98,(anonymous_2)
FN:124,(anonymous_3)
FN:133,(anonymous_4)
FN:143,(anonymous_5)
FN:160,(anonymous_6)
FN:162,(anonymous_7)
FN:172,(anonymous_8)
FN:188,(anonymous_9)
FN:197,(anonymous_10)
FN:205,(anonymous_11)
FN:213,(anonymous_12)
FN:221,(anonymous_13)
FN:229,(anonymous_14)
FN:240,(anonymous_15)
FN:249,(anonymous_16)
FN:257,(anonymous_17)
FN:273,(anonymous_18)
FN:283,(anonymous_19)
FN:291,(anonymous_20)
FN:300,(anonymous_21)
FN:313,(anonymous_22)
FN:322,(anonymous_23)
FN:330,(anonymous_24)
FN:338,(anonymous_25)
FN:347,(anonymous_26)
FN:354,(anonymous_27)
FN:373,(anonymous_28)
FN:396,(anonymous_29)
FN:409,(anonymous_30)
FN:424,(anonymous_31)
FN:432,(anonymous_32)
FN:435,(anonymous_33)
FN:452,(anonymous_34)
FN:474,(anonymous_35)
FN:487,(anonymous_36)
FN:502,(anonymous_37)
FN:510,(anonymous_38)
FN:524,(anonymous_39)
FN:539,(anonymous_40)
FN:546,(anonymous_41)
FN:564,(anonymous_42)
FN:565,(anonymous_43)
FN:566,(anonymous_44)
FN:568,(anonymous_45)
FN:572,(anonymous_46)
FN:576,(anonymous_47)
FN:621,(anonymous_48)
FN:634,(anonymous_49)
FN:635,(anonymous_50)
FN:646,(anonymous_51)
FN:668,(anonymous_52)
FN:671,(anonymous_53)
FN:679,(anonymous_54)
FN:691,(anonymous_55)
FN:698,(anonymous_56)
FNF:57
FNH:0
FNDA:0,(anonymous_0)
FNDA:0,(anonymous_1)
FNDA:0,(anonymous_2)
FNDA:0,(anonymous_3)
FNDA:0,(anonymous_4)
FNDA:0,(anonymous_5)
FNDA:0,(anonymous_6)
FNDA:0,(anonymous_7)
FNDA:0,(anonymous_8)
FNDA:0,(anonymous_9)
FNDA:0,(anonymous_10)
FNDA:0,(anonymous_11)
FNDA:0,(anonymous_12)
FNDA:0,(anonymous_13)
FNDA:0,(anonymous_14)
FNDA:0,(anonymous_15)
FNDA:0,(anonymous_16)
FNDA:0,(anonymous_17)
FNDA:0,(anonymous_18)
FNDA:0,(anonymous_19)
FNDA:0,(anonymous_20)
FNDA:0,(anonymous_21)
FNDA:0,(anonymous_22)
FNDA:0,(anonymous_23)
FNDA:0,(anonymous_24)
FNDA:0,(anonymous_25)
FNDA:0,(anonymous_26)
FNDA:0,(anonymous_27)
FNDA:0,(anonymous_28)
FNDA:0,(anonymous_29)
FNDA:0,(anonymous_30)
FNDA:0,(anonymous_31)
FNDA:0,(anonymous_32)
FNDA:0,(anonymous_33)
FNDA:0,(anonymous_34)
FNDA:0,(anonymous_35)
FNDA:0,(anonymous_36)
FNDA:0,(anonymous_37)
FNDA:0,(anonymous_38)
FNDA:0,(anonymous_39)
FNDA:0,(anonymous_40)
FNDA:0,(anonymous_41)
FNDA:0,(anonymous_42)
FNDA:0,(anonymous_43)
FNDA:0,(anonymous_44)
FNDA:0,(anonymous_45)
FNDA:0,(anonymous_46)
FNDA:0,(anonymous_47)
FNDA:0,(anonymous_48)
FNDA:0,(anonymous_49)
FNDA:0,(anonymous_50)
FNDA:0,(anonymous_51)
FNDA:0,(anonymous_52)
FNDA:0,(anonymous_53)
FNDA:0,(anonymous_54)
FNDA:0,(anonymous_55)
FNDA:0,(anonymous_56)
DA:38,0
DA:43,0
DA:59,0
DA:60,0
DA:61,0
DA:62,0
DA:63,0
DA:66,0
DA:73,0
DA:74,0
DA:79,0
DA:80,0
DA:83,0
DA:96,0
DA:99,0
DA:100,0
DA:101,0
DA:103,0
DA:111,0
DA:126,0
DA:128,0
DA:129,0
DA:131,0
DA:133,0
DA:137,0
DA:143,0
DA:145,0
DA:146,0
DA:147,0
DA:151,0
DA:152,0
DA:153,0
DA:156,0
DA:157,0
DA:158,0
DA:160,0
DA:162,0
DA:163,0
DA:164,0
DA:167,0
DA:172,0
DA:173,0
DA:176,0
DA:178,0
DA:179,0
DA:180,0
DA:184,0
DA:185,0
DA:187,0
DA:190,0
DA:191,0
DA:192,0
DA:194,0
DA:195,0
DA:198,0
DA:199,0
DA:200,0
DA:202,0
DA:203,0
DA:206,0
DA:207,0
DA:208,0
DA:210,0
DA:211,0
DA:214,0
DA:215,0
DA:216,0
DA:218,0
DA:219,0
DA:222,0
DA:225,0
DA:229,0
DA:230,0
DA:233,0
DA:235,0
DA:236,0
DA:237,0
DA:239,0
DA:242,0
DA:243,0
DA:244,0
DA:246,0
DA:247,0
DA:250,0
DA:251,0
DA:252,0
DA:254,0
DA:255,0
DA:258,0
DA:261,0
DA:266,0
DA:268,0
DA:269,0
DA:270,0
DA:272,0
DA:275,0
DA:276,0
DA:277,0
DA:279,0
DA:281,0
DA:284,0
DA:285,0
DA:286,0
DA:288,0
DA:289,0
DA:292,0
DA:295,0
DA:300,0
DA:302,0
DA:304,0
DA:305,0
DA:306,0
DA:309,0
DA:310,0
DA:312,0
DA:315,0
DA:316,0
DA:317,0
DA:319,0
DA:320,0
DA:323,0
DA:324,0
DA:325,0
DA:327,0
DA:328,0
DA:331,0
DA:332,0
DA:333,0
DA:335,0
DA:336,0
DA:339,0
DA:342,0
DA:346,0
DA:348,0
DA:349,0
DA:350,0
DA:351,0
DA:354,0
DA:356,0
DA:364,0
DA:366,0
DA:375,0
DA:378,0
DA:381,0
DA:388,0
DA:390,0
DA:398,0
DA:399,0
DA:403,0
DA:411,0
DA:414,0
DA:415,0
DA:420,0
DA:425,0
DA:431,0
DA:433,0
DA:435,0
DA:436,0
DA:437,0
DA:440,0
DA:441,0
DA:443,0
DA:445,0
DA:454,0
DA:457,0
DA:460,0
DA:466,0
DA:468,0
DA:476,0
DA:477,0
DA:481,0
DA:489,0
DA:492,0
DA:493,0
DA:498,0
DA:503,0
DA:509,0
DA:511,0
DA:513,0
DA:514,0
DA:515,0
DA:517,0
DA:526,0
DA:529,0
DA:530,0
DA:535,0
DA:540,0
DA:546,0
DA:549,0
DA:550,0
DA:564,0
DA:565,0
DA:566,0
DA:568,0
DA:572,0
DA:576,0
DA:590,0
DA:621,0
DA:622,0
DA:623,0
DA:626,0
DA:627,0
DA:633,0
DA:634,0
DA:635,0
DA:645,0
DA:647,0
DA:648,0
DA:651,0
DA:658,0
DA:659,0
DA:661,0
DA:669,0
DA:673,0
DA:681,0
DA:682,0
DA:687,0
DA:692,0
DA:698,0
DA:699,0
DA:702,0
LF:221
LH:0
BRDA:66,0,0,0
BRDA:66,0,1,0
BRDA:73,1,0,0
BRDA:73,1,1,0
BRDA:73,2,0,0
BRDA:73,2,1,0
BRDA:83,3,0,0
BRDA:83,3,1,0
BRDA:87,4,0,0
BRDA:107,5,0,0
BRDA:107,5,1,0
BRDA:113,6,0,0
BRDA:113,6,1,0
BRDA:126,7,0,0
BRDA:126,7,1,0
BRDA:128,8,0,0
BRDA:128,8,1,0
BRDA:128,9,0,0
BRDA:128,9,1,0
BRDA:137,10,0,0
BRDA:137,10,1,0
BRDA:139,11,0,0
BRDA:139,11,1,0
BRDA:145,12,0,0
BRDA:145,12,1,0
BRDA:151,13,0,0
BRDA:151,13,1,0
BRDA:163,14,0,0
BRDA:163,14,1,0
BRDA:173,15,0,0
BRDA:173,15,1,0
BRDA:178,16,0,0
BRDA:178,16,1,0
BRDA:190,17,0,0
BRDA:190,17,1,0
BRDA:190,18,0,0
BRDA:190,18,1,0
BRDA:198,19,0,0
BRDA:198,19,1,0
BRDA:198,20,0,0
BRDA:198,20,1,0
BRDA:206,21,0,0
BRDA:206,21,1,0
BRDA:206,22,0,0
BRDA:206,22,1,0
BRDA:214,23,0,0
BRDA:214,23,1,0
BRDA:214,24,0,0
BRDA:214,24,1,0
BRDA:230,25,0,0
BRDA:230,25,1,0
BRDA:235,26,0,0
BRDA:235,26,1,0
BRDA:242,27,0,0
BRDA:242,27,1,0
BRDA:242,28,0,0
BRDA:242,28,1,0
BRDA:250,29,0,0
BRDA:250,29,1,0
BRDA:250,30,0,0
BRDA:250,30,1,0
BRDA:268,31,0,0
BRDA:268,31,1,0
BRDA:275,32,0,0
BRDA:275,32,1,0
BRDA:284,33,0,0
BRDA:284,33,1,0
BRDA:304,34,0,0
BRDA:304,34,1,0
BRDA:315,35,0,0
BRDA:315,35,1,0
BRDA:323,36,0,0
BRDA:323,36,1,0
BRDA:331,37,0,0
BRDA:331,37,1,0
BRDA:368,38,0,0
BRDA:368,38,1,0
BRDA:398,39,0,0
BRDA:398,39,1,0
BRDA:436,40,0,0
BRDA:436,40,1,0
BRDA:447,41,0,0
BRDA:447,41,1,0
BRDA:476,42,0,0
BRDA:476,42,1,0
BRDA:514,43,0,0
BRDA:514,43,1,0
BRDA:519,44,0,0
BRDA:519,44,1,0
BRDA:549,45,0,0
BRDA:549,45,1,0
BRDA:626,46,0,0
BRDA:626,46,1,0
BRDA:663,47,0,0
BRDA:663,47,1,0
BRDA:711,48,0,0
BRDA:711,48,1,0
BRF:97
BRH:0
end_of_record
TN:
SF:src/ARCHIVE/useEntityQuery.ts
FN:38,(anonymous_0)
FN:54,(anonymous_1)
FN:82,(anonymous_2)
FN:88,(anonymous_3)
FN:97,(anonymous_4)
FN:106,(anonymous_5)
FN:115,(anonymous_6)
FN:143,(anonymous_7)
FN:144,(anonymous_8)
FN:148,(anonymous_9)
FN:162,(anonymous_10)
FN:186,(anonymous_11)
FN:213,(anonymous_12)
FN:232,(anonymous_13)
FN:241,(anonymous_14)
FN:269,(anonymous_15)
FN:285,(anonymous_16)
FN:300,(anonymous_17)
FN:305,(anonymous_18)
FN:315,(anonymous_19)
FN:339,(anonymous_20)
FNF:21
FNH:0
FNDA:0,(anonymous_0)
FNDA:0,(anonymous_1)
FNDA:0,(anonymous_2)
FNDA:0,(anonymous_3)
FNDA:0,(anonymous_4)
FNDA:0,(anonymous_5)
FNDA:0,(anonymous_6)
FNDA:0,(anonymous_7)
FNDA:0,(anonymous_8)
FNDA:0,(anonymous_9)
FNDA:0,(anonymous_10)
FNDA:0,(anonymous_11)
FNDA:0,(anonymous_12)
FNDA:0,(anonymous_13)
FNDA:0,(anonymous_14)
FNDA:0,(anonymous_15)
FNDA:0,(anonymous_16)
FNDA:0,(anonymous_17)
FNDA:0,(anonymous_18)
FNDA:0,(anonymous_19)
FNDA:0,(anonymous_20)
DA:38,0
DA:43,0
DA:54,0
DA:59,0
DA:60,0
DA:63,0
DA:64,0
DA:71,0
DA:82,0
DA:86,0
DA:88,0
DA:99,0
DA:101,0
DA:102,0
DA:104,0
DA:106,0
DA:115,0
DA:126,0
DA:127,0
DA:128,0
DA:129,0
DA:132,0
DA:133,0
DA:140,0
DA:143,0
DA:144,0
DA:161,0
DA:163,0
DA:164,0
DA:165,0
DA:168,0
DA:169,0
DA:176,0
DA:187,0
DA:188,0
DA:192,0
DA:193,0
DA:196,0
DA:199,0
DA:200,0
DA:201,0
DA:204,0
DA:215,0
DA:216,0
DA:220,0
DA:228,0
DA:234,0
DA:240,0
DA:242,0
DA:247,0
DA:248,0
DA:249,0
DA:256,0
DA:262,0
DA:271,0
DA:272,0
DA:274,0
DA:285,0
DA:290,0
DA:292,0
DA:300,0
DA:305,0
DA:307,0
DA:315,0
DA:326,0
DA:339,0
DA:350,0
LF:67
LH:0
BRDA:63,0,0,0
BRDA:63,0,1,0
BRDA:63,1,0,0
BRDA:63,1,1,0
BRDA:95,2,0,0
BRDA:95,2,1,0
BRDA:99,3,0,0
BRDA:99,3,1,0
BRDA:101,4,0,0
BRDA:101,4,1,0
BRDA:101,5,0,0
BRDA:101,5,1,0
BRDA:132,6,0,0
BRDA:132,6,1,0
BRDA:132,7,0,0
BRDA:132,7,1,0
BRDA:168,8,0,0
BRDA:168,8,1,0
BRDA:178,9,0,0
BRDA:178,9,1,0
BRDA:187,10,0,0
BRDA:187,10,1,0
BRDA:199,11,0,0
BRDA:199,11,1,0
BRDA:199,12,0,0
BRDA:199,12,1,0
BRDA:215,13,0,0
BRDA:215,13,1,0
BRDA:215,14,0,0
BRDA:215,14,1,0
BRDA:234,15,0,0
BRDA:234,15,1,0
BRDA:247,16,0,0
BRDA:247,16,1,0
BRDA:251,17,0,0
BRDA:251,17,1,0
BRDA:271,18,0,0
BRDA:271,18,1,0
BRDA:331,19,0,0
BRDA:331,19,1,0
BRDA:355,20,0,0
BRDA:355,20,1,0
BRF:42
BRH:0
end_of_record
TN:
SF:src/components/Button.tsx
FN:16,(anonymous_0)
FNF:1
FNH:0
FNDA:0,(anonymous_0)
DA:16,0
DA:26,0
DA:34,0
DA:42,0
DA:61,0
LF:5
LH:0
BRDA:19,0,0,0
BRDA:20,1,0,0
BRDA:21,2,0,0
BRDA:22,3,0,0
BRDA:30,4,0,0
BRDA:30,4,1,0
BRDA:38,5,0,0
BRDA:38,5,1,0
BRDA:46,6,0,0
BRDA:46,6,1,0
BRDA:49,7,0,0
BRDA:49,7,1,0
BRDA:51,8,0,0
BRDA:51,8,1,0
BRF:14
BRH:0
end_of_record
TN:
SF:src/components/Card.tsx
FN:12,(anonymous_0)
FNF:1
FNH:0
FNDA:0,(anonymous_0)
DA:12,0
DA:18,0
DA:25,0
DA:28,0
LF:4
LH:0
BRDA:14,0,0,0
BRDA:15,1,0,0
BRF:2
BRH:0
end_of_record
TN:
SF:src/components/Input.tsx
FN:12,(anonymous_0)
FN:35,(anonymous_1)
FN:36,(anonymous_2)
FNF:3
FNH:0
FNDA:0,(anonymous_0)
FNDA:0,(anonymous_1)
FNDA:0,(anonymous_2)
DA:12,0
DA:20,0
DA:22,0
DA:30,0
DA:35,0
DA:36,0
DA:45,0
LF:7
LH:0
BRDA:16,0,0,0
BRDA:25,1,0,0
BRDA:25,1,1,0
BRDA:26,2,0,0
BRDA:26,2,1,0
BRDA:32,3,0,0
BRDA:32,3,1,0
BRDA:40,4,0,0
BRDA:40,4,1,0
BRF:9
BRH:0
end_of_record
TN:
SF:src/components/KioskStaffAuth.tsx
FN:7,(anonymous_0)
FN:19,(anonymous_1)
FN:30,(anonymous_2)
FN:35,(anonymous_3)
FN:44,(anonymous_4)
FN:62,(anonymous_5)
FN:67,(anonymous_6)
FN:80,(anonymous_7)
FN:92,(anonymous_8)
FN:95,(anonymous_9)
FN:102,(anonymous_10)
FN:103,(anonymous_11)
FNF:12
FNH:0
FNDA:0,(anonymous_0)
FNDA:0,(anonymous_1)
FNDA:0,(anonymous_2)
FNDA:0,(anonymous_3)
FNDA:0,(anonymous_4)
FNDA:0,(anonymous_5)
FNDA:0,(anonymous_6)
FNDA:0,(anonymous_7)
FNDA:0,(anonymous_8)
FNDA:0,(anonymous_9)
FNDA:0,(anonymous_10)
FNDA:0,(anonymous_11)
DA:7,0
DA:8,0
DA:9,0
DA:17,0
DA:19,0
DA:21,0
DA:23,0
DA:24,0
DA:25,0
DA:28,0
DA:29,0
DA:30,0
DA:31,0
DA:35,0
DA:36,0
DA:37,0
DA:38,0
DA:39,0
DA:40,0
DA:44,0
DA:45,0
DA:46,0
DA:47,0
DA:50,0
DA:51,0
DA:53,0
DA:57,0
DA:58,0
DA:62,0
DA:63,0
DA:64,0
DA:67,0
DA:68,0
DA:69,0
DA:72,0
DA:80,0
DA:93,0
DA:95,0
DA:102,0
DA:104,0
DA:105,0
DA:148,0
LF:42
LH:0
BRDA:21,0,0,0
BRDA:21,0,1,0
BRDA:21,1,0,0
BRDA:21,1,1,0
BRDA:28,2,0,0
BRDA:28,2,1,0
BRDA:28,3,0,0
BRDA:28,3,1,0
BRDA:30,4,0,0
BRDA:30,4,1,0
BRDA:36,5,0,0
BRDA:36,5,1,0
BRDA:36,6,0,0
BRDA:36,6,1,0
BRDA:45,7,0,0
BRDA:45,7,1,0
BRDA:51,8,0,0
BRDA:51,8,1,0
BRDA:98,9,0,0
BRDA:98,9,1,0
BRDA:99,10,0,0
BRDA:99,10,1,0
BRDA:104,11,0,0
BRDA:104,11,1,0
BRDA:118,12,0,0
BRDA:118,12,1,0
BRF:26
BRH:0
end_of_record
TN:
SF:src/components/Loading.tsx
FN:12,(anonymous_0)
FNF:1
FNH:0
FNDA:0,(anonymous_0)
DA:12,0
DA:17,0
DA:19,0
DA:31,0
LF:4
LH:0
BRDA:13,0,0,0
BRDA:15,1,0,0
BRDA:17,2,0,0
BRDA:17,2,1,0
BRDA:22,3,0,0
BRDA:22,3,1,0
BRF:6
BRH:0
end_of_record
TN:
SF:src/components/PaymentForm.tsx
FN:72,(anonymous_0)
FN:80,(anonymous_1)
FN:104,(anonymous_2)
FN:130,(anonymous_3)
FN:138,(anonymous_4)
FN:144,(anonymous_5)
FN:179,(anonymous_6)
FN:204,(anonymous_7)
FN:213,(anonymous_8)
FN:243,(anonymous_9)
FN:253,(anonymous_10)
FN:279,(anonymous_11)
FN:299,(anonymous_12)
FN:326,(anonymous_13)
FN:339,(anonymous_14)
FN:374,(anonymous_15)
FN:387,(anonymous_16)
FN:399,(anonymous_17)
FN:411,(anonymous_18)
FN:425,(anonymous_19)
FN:441,(anonymous_20)
FN:451,(anonymous_21)
FN:460,(anonymous_22)
FN:469,(anonymous_23)
FN:479,(anonymous_24)
FN:492,(anonymous_25)
FN:506,(anonymous_26)
FNF:27
FNH:0
FNDA:0,(anonymous_0)
FNDA:0,(anonymous_1)
FNDA:0,(anonymous_2)
FNDA:0,(anonymous_3)
FNDA:0,(anonymous_4)
FNDA:0,(anonymous_5)
FNDA:0,(anonymous_6)
FNDA:0,(anonymous_7)
FNDA:0,(anonymous_8)
FNDA:0,(anonymous_9)
FNDA:0,(anonymous_10)
FNDA:0,(anonymous_11)
FNDA:0,(anonymous_12)
FNDA:0,(anonymous_13)
FNDA:0,(anonymous_14)
FNDA:0,(anonymous_15)
FNDA:0,(anonymous_16)
FNDA:0,(anonymous_17)
FNDA:0,(anonymous_18)
FNDA:0,(anonymous_19)
FNDA:0,(anonymous_20)
FNDA:0,(anonymous_21)
FNDA:0,(anonymous_22)
FNDA:0,(anonymous_23)
FNDA:0,(anonymous_24)
FNDA:0,(anonymous_25)
FNDA:0,(anonymous_26)
DA:72,0
DA:73,0
DA:75,0
DA:76,0
DA:77,0
DA:80,0
DA:81,0
DA:82,0
DA:84,0
DA:85,0
DA:87,0
DA:88,0
DA:89,0
DA:92,0
DA:93,0
DA:96,0
DA:99,0
DA:101,0
DA:104,0
DA:105,0
DA:107,0
DA:108,0
DA:109,0
DA:110,0
DA:112,0
DA:113,0
DA:116,0
DA:117,0
DA:121,0
DA:122,0
DA:123,0
DA:127,0
DA:130,0
DA:131,0
DA:132,0
DA:133,0
DA:134,0
DA:138,0
DA:139,0
DA:140,0
DA:141,0
DA:144,0
DA:155,0
DA:157,0
DA:175,0
DA:176,0
DA:179,0
DA:182,0
DA:184,0
DA:185,0
DA:187,0
DA:188,0
DA:190,0
DA:191,0
DA:193,0
DA:196,0
DA:197,0
DA:201,0
DA:204,0
DA:209,0
DA:213,0
DA:214,0
DA:217,0
DA:218,0
DA:219,0
DA:221,0
DA:222,0
DA:223,0
DA:226,0
DA:227,0
DA:229,0
DA:230,0
DA:231,0
DA:232,0
DA:233,0
DA:235,0
DA:236,0
DA:240,0
DA:243,0
DA:244,0
DA:249,0
DA:253,0
DA:254,0
DA:256,0
DA:257,0
DA:262,0
DA:265,0
DA:266,0
DA:278,0
DA:281,0
DA:282,0
DA:283,0
DA:289,0
DA:291,0
DA:296,0
DA:300,0
DA:306,0
DA:311,0
DA:315,0
DA:316,0
DA:321,0
DA:326,0
DA:327,0
DA:330,0
DA:331,0
DA:335,0
DA:336,0
DA:337,0
DA:339,0
DA:340,0
DA:341,0
DA:342,0
DA:351,0
DA:358,0
DA:359,0
DA:363,0
DA:374,0
DA:387,0
DA:399,0
DA:411,0
DA:425,0
DA:441,0
DA:451,0
DA:460,0
DA:469,0
DA:479,0
DA:492,0
DA:524,0
LF:128
LH:0
BRDA:75,0,0,0
BRDA:75,0,1,0
BRDA:76,1,0,0
BRDA:76,1,1,0
BRDA:76,2,0,0
BRDA:76,2,1,0
BRDA:77,3,0,0
BRDA:77,3,1,0
BRDA:87,4,0,0
BRDA:87,4,1,0
BRDA:89,5,0,0
BRDA:89,5,1,0
BRDA:99,6,0,0
BRDA:99,6,1,0
BRDA:112,7,0,0
BRDA:112,7,1,0
BRDA:112,8,0,0
BRDA:112,8,1,0
BRDA:112,8,2,0
BRDA:116,9,0,0
BRDA:116,9,1,0
BRDA:116,10,0,0
BRDA:116,10,1,0
BRDA:116,10,2,0
BRDA:121,11,0,0
BRDA:121,11,1,0
BRDA:121,12,0,0
BRDA:121,12,1,0
BRDA:122,13,0,0
BRDA:122,13,1,0
BRDA:122,14,0,0
BRDA:122,14,1,0
BRDA:131,15,0,0
BRDA:131,15,1,0
BRDA:132,16,0,0
BRDA:132,16,1,0
BRDA:132,17,0,0
BRDA:132,17,1,0
BRDA:133,18,0,0
BRDA:133,18,1,0
BRDA:141,19,0,0
BRDA:141,19,1,0
BRDA:151,20,0,0
BRDA:152,21,0,0
BRDA:153,22,0,0
BRDA:164,23,0,0
BRDA:164,23,1,0
BRDA:165,24,0,0
BRDA:165,24,1,0
BRDA:166,25,0,0
BRDA:166,25,1,0
BRDA:167,26,0,0
BRDA:167,26,1,0
BRDA:168,27,0,0
BRDA:168,27,1,0
BRDA:169,28,0,0
BRDA:169,28,1,0
BRDA:170,29,0,0
BRDA:170,29,1,0
BRDA:182,30,0,0
BRDA:182,30,1,0
BRDA:182,30,2,0
BRDA:182,30,3,0
BRDA:190,31,0,0
BRDA:190,31,1,0
BRDA:196,32,0,0
BRDA:196,32,1,0
BRDA:196,33,0,0
BRDA:196,33,1,0
BRDA:198,34,0,0
BRDA:198,34,1,0
BRDA:199,35,0,0
BRDA:199,35,1,0
BRDA:219,36,0,0
BRDA:219,36,1,0
BRDA:226,37,0,0
BRDA:226,37,1,0
BRDA:229,38,0,0
BRDA:229,38,1,0
BRDA:230,39,0,0
BRDA:230,39,1,0
BRDA:231,40,0,0
BRDA:231,40,1,0
BRDA:232,41,0,0
BRDA:232,41,1,0
BRDA:233,42,0,0
BRDA:233,42,1,0
BRDA:235,43,0,0
BRDA:235,43,1,0
BRDA:244,44,0,0
BRDA:244,44,1,0
BRDA:245,45,0,0
BRDA:245,45,1,0
BRDA:256,46,0,0
BRDA:256,46,1,0
BRDA:268,47,0,0
BRDA:268,47,1,0
BRDA:282,48,0,0
BRDA:282,48,1,0
BRDA:282,49,0,0
BRDA:282,49,1,0
BRDA:302,50,0,0
BRDA:302,50,1,0
BRDA:308,51,0,0
BRDA:308,51,1,0
BRDA:318,52,0,0
BRDA:318,52,1,0
BRDA:330,53,0,0
BRDA:330,53,1,0
BRDA:335,54,0,0
BRDA:335,54,1,0
BRDA:335,55,0,0
BRDA:335,55,1,0
BRDA:336,56,0,0
BRDA:336,56,1,0
BRDA:336,57,0,0
BRDA:336,57,1,0
BRDA:337,58,0,0
BRDA:337,58,1,0
BRDA:337,59,0,0
BRDA:337,59,1,0
BRDA:340,60,0,0
BRDA:340,60,1,0
BRDA:358,61,0,0
BRDA:358,61,1,0
BRDA:434,62,0,0
BRDA:434,62,1,0
BRDA:506,63,0,0
BRDA:506,63,1,0
BRF:129
BRH:0
end_of_record
TN:
SF:src/components/PaymentMethodCard.tsx
FN:31,(anonymous_0)
FN:47,(anonymous_1)
FN:53,(anonymous_2)
FN:69,(anonymous_3)
FN:82,(anonymous_4)
FN:124,(anonymous_5)
FN:129,(anonymous_6)
FN:134,(anonymous_7)
FN:139,(anonymous_8)
FNF:9
FNH:0
FNDA:0,(anonymous_0)
FNDA:0,(anonymous_1)
FNDA:0,(anonymous_2)
FNDA:0,(anonymous_3)
FNDA:0,(anonymous_4)
FNDA:0,(anonymous_5)
FNDA:0,(anonymous_6)
FNDA:0,(anonymous_7)
FNDA:0,(anonymous_8)
DA:31,0
DA:32,0
DA:43,0
DA:47,0
DA:48,0
DA:49,0
DA:50,0
DA:53,0
DA:66,0
DA:69,0
DA:70,0
DA:72,0
DA:82,0
DA:83,0
DA:84,0
DA:98,0
DA:99,0
DA:115,0
DA:124,0
DA:125,0
DA:126,0
DA:129,0
DA:130,0
DA:131,0
DA:134,0
DA:135,0
DA:136,0
DA:139,0
DA:140,0
DA:141,0
DA:144,0
DA:214,0
LF:32
LH:0
BRDA:43,0,0,0
BRDA:43,0,1,0
BRDA:55,1,0,0
BRDA:56,2,0,0
BRDA:62,3,0,0
BRDA:64,4,0,0
BRDA:66,5,0,0
BRDA:66,5,1,0
BRDA:70,6,0,0
BRDA:70,6,1,0
BRDA:75,7,0,0
BRDA:75,7,1,0
BRDA:83,8,0,0
BRDA:83,8,1,0
BRDA:83,9,0,0
BRDA:83,9,1,0
BRDA:98,10,0,0
BRDA:98,10,1,0
BRDA:98,11,0,0
BRDA:98,11,1,0
BRDA:125,12,0,0
BRDA:125,12,1,0
BRDA:125,13,0,0
BRDA:125,13,1,0
BRDA:130,14,0,0
BRDA:130,14,1,0
BRDA:130,15,0,0
BRDA:130,15,1,0
BRDA:130,15,2,0
BRDA:135,16,0,0
BRDA:135,16,1,0
BRDA:135,17,0,0
BRDA:135,17,1,0
BRDA:140,18,0,0
BRDA:140,18,1,0
BRDA:140,19,0,0
BRDA:140,19,1,0
BRDA:140,19,2,0
BRDA:148,20,0,0
BRDA:148,20,1,0
BRDA:152,21,0,0
BRDA:152,21,1,0
BRDA:152,22,0,0
BRDA:152,22,1,0
BRDA:155,23,0,0
BRDA:155,23,1,0
BRDA:156,24,0,0
BRDA:156,24,1,0
BRDA:157,25,0,0
BRDA:157,25,1,0
BRDA:161,26,0,0
BRDA:161,26,1,0
BRDA:174,27,0,0
BRDA:174,27,1,0
BRDA:174,27,2,0
BRDA:176,28,0,0
BRDA:176,28,1,0
BRDA:196,29,0,0
BRDA:196,29,1,0
BRF:59
BRH:0
end_of_record
TN:
SF:src/components/PaymentSummary.tsx
FN:37,(anonymous_0)
FN:52,(anonymous_1)
FN:67,(anonymous_2)
FN:83,(anonymous_3)
FN:113,(anonymous_4)
FN:114,(anonymous_5)
FN:155,(anonymous_6)
FN:161,(anonymous_7)
FN:181,(anonymous_8)
FN:193,(anonymous_9)
FN:244,(anonymous_10)
FNF:11
FNH:0
FNDA:0,(anonymous_0)
FNDA:0,(anonymous_1)
FNDA:0,(anonymous_2)
FNDA:0,(anonymous_3)
FNDA:0,(anonymous_4)
FNDA:0,(anonymous_5)
FNDA:0,(anonymous_6)
FNDA:0,(anonymous_7)
FNDA:0,(anonymous_8)
FNDA:0,(anonymous_9)
FNDA:0,(anonymous_10)
DA:37,0
DA:38,0
DA:39,0
DA:47,0
DA:52,0
DA:60,0
DA:61,0
DA:62,0
DA:64,0
DA:67,0
DA:80,0
DA:83,0
DA:84,0
DA:86,0
DA:88,0
DA:97,0
DA:102,0
DA:109,0
DA:113,0
DA:114,0
DA:115,0
DA:117,0
DA:118,0
DA:119,0
DA:121,0
DA:122,0
DA:131,0
DA:137,0
DA:140,0
DA:142,0
DA:149,0
DA:155,0
DA:156,0
DA:158,0
DA:162,0
DA:181,0
DA:182,0
DA:184,0
DA:193,0
DA:195,0
DA:197,0
DA:244,0
DA:245,0
DA:246,0
DA:249,0
DA:262,0
LF:46
LH:0
BRDA:37,0,0,0
BRDA:55,1,0,0
BRDA:56,2,0,0
BRDA:58,3,0,0
BRDA:71,4,0,0
BRDA:72,5,0,0
BRDA:74,6,0,0
BRDA:76,7,0,0
BRDA:78,8,0,0
BRDA:86,9,0,0
BRDA:86,9,1,0
BRDA:121,10,0,0
BRDA:121,10,1,0
BRDA:144,11,0,0
BRDA:144,11,1,0
BRDA:156,12,0,0
BRDA:156,12,1,0
BRDA:156,13,0,0
BRDA:156,13,1,0
BRDA:182,14,0,0
BRDA:182,14,1,0
BRDA:195,15,0,0
BRDA:195,15,1,0
BRDA:215,16,0,0
BRDA:215,16,1,0
BRDA:224,17,0,0
BRDA:224,17,1,0
BRDA:245,18,0,0
BRDA:245,18,1,0
BRDA:246,19,0,0
BRDA:246,19,1,0
BRDA:252,20,0,0
BRDA:252,20,1,0
BRF:33
BRH:0
end_of_record
TN:
SF:src/components/ProductCard.tsx
FN:19,(anonymous_0)
FNF:1
FNH:0
FNDA:0,(anonymous_0)
DA:19,0
DA:29,0
DA:31,0
DA:97,0
LF:4
LH:0
BRDA:23,0,0,0
BRDA:24,1,0,0
BRDA:36,2,0,0
BRDA:36,2,1,0
BRDA:40,3,0,0
BRDA:40,3,1,0
BRDA:47,4,0,0
BRDA:47,4,1,0
BRDA:72,5,0,0
BRDA:72,5,1,0
BRDA:73,6,0,0
BRDA:73,6,1,0
BRDA:75,7,0,0
BRDA:75,7,1,0
BRF:14
BRH:0
end_of_record
TN:
SF:src/components/Screen.tsx
FN:14,(anonymous_0)
FNF:1
FNH:0
FNDA:0,(anonymous_0)
DA:14,0
DA:21,0
DA:28,0
DA:40,0
DA:47,0
LF:5
LH:0
BRDA:16,0,0,0
BRDA:17,1,0,0
BRDA:18,2,0,0
BRDA:24,3,0,0
BRDA:24,3,1,0
BRDA:28,4,0,0
BRDA:28,4,1,0
BRF:7
BRH:0
end_of_record
TN:
SF:src/components/Text.tsx
FN:15,(anonymous_0)
FNF:1
FNH:0
FNDA:0,(anonymous_0)
DA:15,0
DA:24,0
DA:33,0
DA:40,0
LF:4
LH:0
BRDA:17,0,0,0
BRDA:18,1,0,0
BRDA:20,2,0,0
BRDA:28,3,0,0
BRDA:28,3,1,0
BRF:5
BRH:0
end_of_record
TN:
SF:src/components/Toast.tsx
FN:13,(anonymous_0)
FN:22,(anonymous_1)
FN:29,(anonymous_2)
FN:33,(anonymous_3)
FN:37,(anonymous_4)
FN:41,(anonymous_5)
FNF:6
FNH:0
FNDA:0,(anonymous_0)
FNDA:0,(anonymous_1)
FNDA:0,(anonymous_2)
FNDA:0,(anonymous_3)
FNDA:0,(anonymous_4)
FNDA:0,(anonymous_5)
DA:13,0
DA:20,0
DA:22,0
DA:23,0
DA:24,0
DA:29,0
DA:30,0
DA:33,0
DA:37,0
DA:38,0
DA:42,0
DA:46,0
DA:48,0
DA:61,0
LF:14
LH:0
BRDA:15,0,0,0
BRDA:18,1,0,0
BRDA:23,2,0,0
BRDA:23,2,1,0
BRDA:46,3,0,0
BRDA:46,3,1,0
BRF:6
BRH:0
end_of_record
TN:
SF:src/components/index.ts
FNF:0
FNH:0
LF:0
LH:0
BRF:0
BRH:0
end_of_record
TN:
SF:src/components/role-based/PermissionGate.tsx
FN:36,(anonymous_0)
FN:57,(anonymous_1)
FN:100,(anonymous_2)
FN:195,(anonymous_3)
FNF:4
FNH:0
FNDA:0,(anonymous_0)
FNDA:0,(anonymous_1)
FNDA:0,(anonymous_2)
FNDA:0,(anonymous_3)
DA:36,0
DA:48,0
DA:51,0
DA:57,0
DA:59,0
DA:60,0
DA:64,0
DA:65,0
DA:72,0
DA:73,0
DA:76,0
DA:77,0
DA:78,0
DA:79,0
DA:80,0
DA:85,0
DA:86,0
DA:87,0
DA:88,0
DA:89,0
DA:90,0
DA:91,0
DA:96,0
DA:99,0
DA:100,0
DA:101,0
DA:104,0
DA:105,0
DA:106,0
DA:111,0
DA:114,0
DA:115,0
DA:121,0
DA:128,0
DA:144,0
DA:145,0
DA:146,0
DA:149,0
DA:157,0
DA:159,0
DA:160,0
DA:164,0
DA:165,0
DA:166,0
DA:170,0
DA:171,0
DA:182,0
DA:186,0
DA:195,0
DA:196,0
DA:204,0
DA:207,0
LF:52
LH:0
BRDA:37,0,0,0
BRDA:38,1,0,0
BRDA:41,2,0,0
BRDA:43,3,0,0
BRDA:45,4,0,0
BRDA:52,5,0,0
BRDA:52,5,1,0
BRDA:59,6,0,0
BRDA:59,6,1,0
BRDA:59,7,0,0
BRDA:59,7,1,0
BRDA:59,7,2,0
BRDA:64,8,0,0
BRDA:64,8,1,0
BRDA:76,9,0,0
BRDA:76,9,1,0
BRDA:78,10,0,0
BRDA:78,10,1,0
BRDA:85,11,0,0
BRDA:85,11,1,0
BRDA:85,12,0,0
BRDA:85,12,1,0
BRDA:86,13,0,0
BRDA:86,13,1,0
BRDA:89,14,0,0
BRDA:89,14,1,0
BRDA:96,15,0,0
BRDA:96,15,1,0
BRDA:96,16,0,0
BRDA:96,16,1,0
BRDA:104,17,0,0
BRDA:104,17,1,0
BRDA:111,18,0,0
BRDA:111,18,1,0
BRDA:114,19,0,0
BRDA:114,19,1,0
BRDA:131,20,0,0
BRDA:131,20,1,0
BRDA:144,21,0,0
BRDA:144,21,1,0
BRDA:144,22,0,0
BRDA:144,22,1,0
BRDA:145,23,0,0
BRDA:145,23,1,0
BRDA:157,24,0,0
BRDA:157,24,1,0
BRDA:159,25,0,0
BRDA:159,25,1,0
BRDA:164,26,0,0
BRDA:164,26,1,0
BRDA:170,27,0,0
BRDA:170,27,1,0
BRDA:174,28,0,0
BRDA:174,28,1,0
BRDA:204,29,0,0
BRDA:204,29,1,0
BRF:56
BRH:0
end_of_record
TN:
SF:src/components/role-based/RoleBasedButton.tsx
FN:44,(anonymous_0)
FN:69,(anonymous_1)
FN:96,(anonymous_2)
FN:115,(anonymous_3)
FN:140,(anonymous_4)
FN:185,(anonymous_5)
FN:193,(anonymous_6)
FN:212,(anonymous_7)
FN:225,(anonymous_8)
FNF:9
FNH:0
FNDA:0,(anonymous_0)
FNDA:0,(anonymous_1)
FNDA:0,(anonymous_2)
FNDA:0,(anonymous_3)
FNDA:0,(anonymous_4)
FNDA:0,(anonymous_5)
FNDA:0,(anonymous_6)
FNDA:0,(anonymous_7)
FNDA:0,(anonymous_8)
DA:44,0
DA:60,0
DA:63,0
DA:69,0
DA:71,0
DA:72,0
DA:80,0
DA:81,0
DA:88,0
DA:89,0
DA:92,0
DA:93,0
DA:94,0
DA:95,0
DA:96,0
DA:97,0
DA:102,0
DA:103,0
DA:104,0
DA:105,0
DA:106,0
DA:107,0
DA:108,0
DA:113,0
DA:114,0
DA:115,0
DA:116,0
DA:119,0
DA:120,0
DA:121,0
DA:125,0
DA:140,0
DA:141,0
DA:142,0
DA:143,0
DA:145,0
DA:151,0
DA:157,0
DA:161,0
DA:167,0
DA:177,0
DA:178,0
DA:182,0
DA:185,0
DA:186,0
DA:187,0
DA:189,0
DA:193,0
DA:194,0
DA:195,0
DA:196,0
DA:199,0
DA:212,0
DA:213,0
DA:221,0
DA:225,0
DA:226,0
DA:234,0
LF:58
LH:0
BRDA:47,0,0,0
BRDA:48,1,0,0
BRDA:52,2,0,0
BRDA:54,3,0,0
BRDA:55,4,0,0
BRDA:56,5,0,0
BRDA:57,6,0,0
BRDA:64,7,0,0
BRDA:64,7,1,0
BRDA:71,8,0,0
BRDA:71,8,1,0
BRDA:71,9,0,0
BRDA:71,9,1,0
BRDA:71,9,2,0
BRDA:80,10,0,0
BRDA:80,10,1,0
BRDA:92,11,0,0
BRDA:92,11,1,0
BRDA:94,12,0,0
BRDA:94,12,1,0
BRDA:102,13,0,0
BRDA:102,13,1,0
BRDA:102,14,0,0
BRDA:102,14,1,0
BRDA:103,15,0,0
BRDA:103,15,1,0
BRDA:106,16,0,0
BRDA:106,16,1,0
BRDA:113,17,0,0
BRDA:113,17,1,0
BRDA:113,18,0,0
BRDA:113,18,1,0
BRDA:116,19,0,0
BRDA:116,19,1,0
BRDA:119,20,0,0
BRDA:119,20,1,0
BRDA:128,21,0,0
BRDA:128,21,1,0
BRDA:141,22,0,0
BRDA:141,22,1,0
BRDA:142,23,0,0
BRDA:142,23,1,0
BRDA:143,24,0,0
BRDA:143,24,1,0
BRDA:143,24,2,0
BRDA:177,25,0,0
BRDA:177,25,1,0
BRDA:177,26,0,0
BRDA:177,26,1,0
BRDA:177,26,2,0
BRDA:182,27,0,0
BRDA:182,27,1,0
BRDA:182,27,2,0
BRDA:186,28,0,0
BRDA:186,28,1,0
BRDA:186,29,0,0
BRDA:186,29,1,0
BRDA:194,30,0,0
BRDA:194,30,1,0
BRDA:195,31,0,0
BRDA:195,31,1,0
BRDA:204,32,0,0
BRDA:204,32,1,0
BRDA:221,33,0,0
BRDA:221,33,1,0
BRDA:234,34,0,0
BRDA:234,34,1,0
BRF:67
BRH:0
end_of_record
TN:
SF:src/components/role-based/RoleBasedVisibility.tsx
FN:27,(anonymous_0)
FNF:1
FNH:0
FNDA:0,(anonymous_0)
DA:27,0
DA:35,0
DA:38,0
DA:39,0
DA:43,0
DA:44,0
DA:47,0
DA:50,0
DA:51,0
DA:56,0
DA:60,0
DA:61,0
DA:62,0
DA:67,0
DA:72,0
DA:78,0
LF:16
LH:0
BRDA:28,0,0,0
BRDA:29,1,0,0
BRDA:30,2,0,0
BRDA:31,3,0,0
BRDA:33,4,0,0
BRDA:38,5,0,0
BRDA:38,5,1,0
BRDA:39,6,0,0
BRDA:39,6,1,0
BRDA:43,7,0,0
BRDA:43,7,1,0
BRDA:44,8,0,0
BRDA:44,8,1,0
BRDA:50,9,0,0
BRDA:50,9,1,0
BRDA:50,10,0,0
BRDA:50,10,1,0
BRDA:60,11,0,0
BRDA:60,11,1,0
BRDA:61,12,0,0
BRDA:61,12,1,0
BRF:21
BRH:0
end_of_record
TN:
SF:src/components/role-based/RoleIndicator.tsx
FN:76,(anonymous_0)
FN:88,(anonymous_1)
FN:109,(anonymous_2)
FNF:3
FNH:0
FNDA:0,(anonymous_0)
FNDA:0,(anonymous_1)
FNDA:0,(anonymous_2)
DA:38,0
DA:76,0
DA:85,0
DA:88,0
DA:89,0
DA:95,0
DA:101,0
DA:109,0
DA:110,0
DA:116,0
DA:124,0
DA:125,0
DA:133,0
DA:134,0
DA:141,0
DA:143,0
DA:144,0
DA:152,0
DA:158,0
DA:162,0
DA:187,0
LF:21
LH:0
BRDA:77,0,0,0
BRDA:78,1,0,0
BRDA:79,2,0,0
BRDA:80,3,0,0
BRDA:83,4,0,0
BRDA:124,5,0,0
BRDA:124,5,1,0
BRDA:133,6,0,0
BRDA:133,6,1,0
BRDA:143,7,0,0
BRDA:143,7,1,0
BRDA:153,8,0,0
BRDA:153,8,1,0
BRDA:155,9,0,0
BRDA:155,9,1,0
BRDA:167,10,0,0
BRDA:167,10,1,0
BRDA:169,11,0,0
BRDA:169,11,1,0
BRDA:175,12,0,0
BRDA:175,12,1,0
BRF:21
BRH:0
end_of_record
TN:
SF:src/components/role-based/index.ts
FNF:0
FNH:0
LF:0
LH:0
BRF:0
BRH:0
end_of_record
TN:
SF:src/config/queryClient.ts
FNF:0
FNH:0
DA:4,0
LF:1
LH:0
BRF:0
BRH:0
end_of_record
TN:
SF:src/config/secureConfig.ts
FN:33,(anonymous_0)
FN:39,(anonymous_1)
FN:45,(anonymous_2)
FN:51,(anonymous_3)
FN:64,(anonymous_4)
FN:90,(anonymous_5)
FN:106,(anonymous_6)
FN:122,(anonymous_7)
FN:162,(anonymous_8)
FN:173,(anonymous_9)
FN:184,(anonymous_10)
FN:201,(anonymous_11)
FN:210,(anonymous_12)
FNF:13
FNH:0
FNDA:0,(anonymous_0)
FNDA:0,(anonymous_1)
FNDA:0,(anonymous_2)
FNDA:0,(anonymous_3)
FNDA:0,(anonymous_4)
FNDA:0,(anonymous_5)
FNDA:0,(anonymous_6)
FNDA:0,(anonymous_7)
FNDA:0,(anonymous_8)
FNDA:0,(anonymous_9)
FNDA:0,(anonymous_10)
FNDA:0,(anonymous_11)
FNDA:0,(anonymous_12)
DA:12,0
DA:29,0
DA:33,0
DA:39,0
DA:45,0
DA:51,0
DA:57,0
DA:58,0
DA:65,0
DA:67,0
DA:69,0
DA:72,0
DA:75,0
DA:77,0
DA:78,0
DA:81,0
DA:82,0
DA:91,0
DA:95,0
DA:96,0
DA:97,0
DA:98,0
DA:100,0
DA:107,0
DA:108,0
DA:109,0
DA:110,0
DA:111,0
DA:113,0
DA:123,0
DA:124,0
DA:125,0
DA:127,0
DA:129,0
DA:130,0
DA:133,0
DA:135,0
DA:137,0
DA:138,0
DA:139,0
DA:140,0
DA:141,0
DA:143,0
DA:146,0
DA:151,0
DA:152,0
DA:153,0
DA:163,0
DA:164,0
DA:167,0
DA:174,0
DA:175,0
DA:176,0
DA:178,0
DA:185,0
DA:186,0
DA:187,0
DA:188,0
DA:191,0
DA:193,0
DA:194,0
DA:202,0
DA:203,0
DA:204,0
DA:211,0
DA:213,0
DA:214,0
DA:215,0
DA:217,0
DA:218,0
DA:219,0
DA:222,0
DA:228,0
LF:73
LH:0
BRDA:33,0,0,0
BRDA:33,0,1,0
BRDA:34,1,0,0
BRDA:34,1,1,0
BRDA:39,2,0,0
BRDA:39,2,1,0
BRDA:39,2,2,0
BRDA:40,3,0,0
BRDA:40,3,1,0
BRDA:46,4,0,0
BRDA:46,4,1,0
BRDA:52,5,0,0
BRDA:52,5,1,0
BRDA:65,6,0,0
BRDA:65,6,1,0
BRDA:108,7,0,0
BRDA:108,7,1,0
BRDA:108,8,0,0
BRDA:108,8,1,0
BRDA:127,9,0,0
BRDA:127,9,1,0
BRDA:129,10,0,0
BRDA:129,10,1,0
BRDA:129,11,0,0
BRDA:129,11,1,0
BRDA:135,12,0,0
BRDA:135,12,1,0
BRDA:137,13,0,0
BRDA:137,13,1,0
BRDA:137,14,0,0
BRDA:137,14,1,0
BRDA:139,15,0,0
BRDA:139,15,1,0
BRDA:152,16,0,0
BRDA:152,16,1,0
BRDA:163,17,0,0
BRDA:163,17,1,0
BRDA:175,18,0,0
BRDA:175,18,1,0
BRDA:187,19,0,0
BRDA:187,19,1,0
BRDA:218,20,0,0
BRDA:218,20,1,0
BRDA:218,21,0,0
BRDA:218,21,1,0
BRDA:218,21,2,0
BRDA:224,22,0,0
BRDA:224,22,1,0
BRF:48
BRH:0
end_of_record
TN:
SF:src/config/supabase.ts
FNF:0
FNH:0
DA:5,0
DA:6,0
DA:8,0
DA:9,0
DA:13,0
DA:31,0
LF:6
LH:0
BRDA:5,0,0,0
BRDA:5,0,1,0
BRDA:5,0,2,0
BRDA:6,1,0,0
BRDA:6,1,1,0
BRDA:6,1,2,0
BRDA:8,2,0,0
BRDA:8,2,1,0
BRDA:8,3,0,0
BRDA:8,3,1,0
BRF:10
BRH:0
end_of_record
TN:
SF:src/config/supabaseSecure.ts
FN:18,getSupabaseClient
FN:65,resetSupabaseClient
FN:78,getSupabaseClientSync
FNF:3
FNH:0
FNDA:0,getSupabaseClient
FNDA:0,resetSupabaseClient
FNDA:0,getSupabaseClientSync
DA:12,0
DA:19,0
DA:20,0
DA:23,0
DA:25,0
DA:26,0
DA:28,0
DA:29,0
DA:33,0
DA:50,0
DA:51,0
DA:54,0
DA:57,0
DA:58,0
DA:66,0
DA:67,0
DA:68,0
DA:70,0
DA:79,0
DA:80,0
DA:82,0
LF:21
LH:0
BRDA:19,0,0,0
BRDA:19,0,1,0
BRDA:28,1,0,0
BRDA:28,1,1,0
BRDA:28,2,0,0
BRDA:28,2,1,0
BRDA:50,3,0,0
BRDA:50,3,1,0
BRDA:66,4,0,0
BRDA:66,4,1,0
BRDA:79,5,0,0
BRDA:79,5,1,0
BRF:12
BRH:0
end_of_record
TN:
SF:src/contexts/KioskContext.tsx
FN:14,(anonymous_0)
FN:39,(anonymous_1)
FN:62,(anonymous_2)
FN:117,(anonymous_3)
FN:146,(anonymous_4)
FN:162,(anonymous_5)
FN:174,(anonymous_6)
FN:190,(anonymous_7)
FN:201,(anonymous_8)
FN:234,(anonymous_9)
FN:243,(anonymous_10)
FN:252,(anonymous_11)
FN:316,(anonymous_12)
FN:354,(anonymous_13)
FN:402,(anonymous_14)
FN:410,(anonymous_15)
FN:415,(anonymous_16)
FNF:17
FNH:0
FNDA:0,(anonymous_0)
FNDA:0,(anonymous_1)
FNDA:0,(anonymous_2)
FNDA:0,(anonymous_3)
FNDA:0,(anonymous_4)
FNDA:0,(anonymous_5)
FNDA:0,(anonymous_6)
FNDA:0,(anonymous_7)
FNDA:0,(anonymous_8)
FNDA:0,(anonymous_9)
FNDA:0,(anonymous_10)
FNDA:0,(anonymous_11)
FNDA:0,(anonymous_12)
FNDA:0,(anonymous_13)
FNDA:0,(anonymous_14)
FNDA:0,(anonymous_15)
FNDA:0,(anonymous_16)
DA:13,0
DA:15,0
DA:16,0
DA:17,0
DA:19,0
DA:20,0
DA:27,0
DA:29,0
DA:35,0
DA:40,0
DA:41,0
DA:43,0
DA:50,0
DA:52,0
DA:58,0
DA:63,0
DA:64,0
DA:66,0
DA:72,0
DA:114,0
DA:117,0
DA:118,0
DA:119,0
DA:120,0
DA:123,0
DA:134,0
DA:135,0
DA:136,0
DA:138,0
DA:141,0
DA:144,0
DA:148,0
DA:151,0
DA:156,0
DA:163,0
DA:172,0
DA:176,0
DA:179,0
DA:184,0
DA:191,0
DA:201,0
DA:202,0
DA:203,0
DA:204,0
DA:211,0
DA:215,0
DA:216,0
DA:222,0
DA:226,0
DA:234,0
DA:235,0
DA:236,0
DA:243,0
DA:244,0
DA:245,0
DA:252,0
DA:253,0
DA:255,0
DA:256,0
DA:262,0
DA:266,0
DA:267,0
DA:273,0
DA:276,0
DA:278,0
DA:279,0
DA:286,0
DA:287,0
DA:289,0
DA:295,0
DA:297,0
DA:303,0
DA:306,0
DA:312,0
DA:316,0
DA:317,0
DA:318,0
DA:324,0
DA:327,0
DA:332,0
DA:333,0
DA:335,0
DA:341,0
DA:343,0
DA:349,0
DA:354,0
DA:355,0
DA:363,0
DA:369,0
DA:373,0
DA:394,0
DA:402,0
DA:403,0
DA:404,0
DA:405,0
DA:407,0
DA:410,0
DA:411,0
DA:412,0
DA:415,0
DA:416,0
DA:417,0
LF:102
LH:0
BRDA:17,0,0,0
BRDA:17,0,1,0
BRDA:19,1,0,0
BRDA:19,1,1,0
BRDA:31,2,0,0
BRDA:31,2,1,0
BRDA:54,3,0,0
BRDA:54,3,1,0
BRDA:74,4,0,0
BRDA:74,4,1,0
BRDA:135,5,0,0
BRDA:135,5,1,0
BRDA:136,6,0,0
BRDA:136,6,1,0
BRDA:138,7,0,0
BRDA:138,7,1,0
BRDA:138,8,0,0
BRDA:138,8,1,0
BRDA:165,9,0,0
BRDA:165,9,1,0
BRDA:193,10,0,0
BRDA:193,10,1,0
BRDA:202,11,0,0
BRDA:202,11,1,0
BRDA:202,12,0,0
BRDA:202,12,1,0
BRDA:202,12,2,0
BRDA:215,13,0,0
BRDA:215,13,1,0
BRDA:217,14,0,0
BRDA:217,14,1,0
BRDA:217,14,2,0
BRDA:217,14,3,0
BRDA:222,15,0,0
BRDA:222,15,1,0
BRDA:222,15,2,0
BRDA:222,15,3,0
BRDA:222,15,4,0
BRDA:226,16,0,0
BRDA:226,16,1,0
BRDA:226,16,2,0
BRDA:226,16,3,0
BRDA:226,16,4,0
BRDA:226,16,5,0
BRDA:255,17,0,0
BRDA:255,17,1,0
BRDA:266,18,0,0
BRDA:266,18,1,0
BRDA:266,19,0,0
BRDA:266,19,1,0
BRDA:266,19,2,0
BRDA:278,20,0,0
BRDA:278,20,1,0
BRDA:278,21,0,0
BRDA:278,21,1,0
BRDA:278,21,2,0
BRDA:278,21,3,0
BRDA:299,22,0,0
BRDA:299,22,1,0
BRDA:308,23,0,0
BRDA:308,23,1,0
BRDA:317,24,0,0
BRDA:317,24,1,0
BRDA:345,25,0,0
BRDA:345,25,1,0
BRDA:356,26,0,0
BRDA:356,26,1,0
BRDA:357,27,0,0
BRDA:357,27,1,0
BRDA:358,28,0,0
BRDA:358,28,1,0
BRDA:359,29,0,0
BRDA:359,29,1,0
BRDA:360,30,0,0
BRDA:360,30,1,0
BRDA:376,31,0,0
BRDA:376,31,1,0
BRDA:377,32,0,0
BRDA:377,32,1,0
BRDA:378,33,0,0
BRDA:378,33,1,0
BRDA:404,34,0,0
BRDA:404,34,1,0
BRF:83
BRH:0
end_of_record
TN:
SF:src/contexts/index.ts
FNF:0
FNH:0
LF:0
LH:0
BRF:0
BRH:0
end_of_record
TN:
SF:src/data/mockProducts.ts
FNF:0
FNH:0
DA:4,0
LF:1
LH:0
BRF:0
BRH:0
end_of_record
TN:
SF:src/hooks/useAuth.ts
FN:32,(anonymous_0)
FN:61,(anonymous_1)
FN:65,(anonymous_2)
FN:94,(anonymous_3)
FN:107,(anonymous_4)
FN:127,(anonymous_5)
FN:150,(anonymous_6)
FN:164,(anonymous_7)
FN:168,(anonymous_8)
FN:202,(anonymous_9)
FN:215,(anonymous_10)
FN:231,(anonymous_11)
FN:258,(anonymous_12)
FN:272,(anonymous_13)
FN:276,(anonymous_14)
FN:300,(anonymous_15)
FN:313,(anonymous_16)
FN:329,(anonymous_17)
FN:331,(anonymous_18)
FN:352,(anonymous_19)
FN:363,(anonymous_20)
FN:367,(anonymous_21)
FN:397,(anonymous_22)
FN:416,(anonymous_23)
FN:429,(anonymous_24)
FN:450,(anonymous_25)
FN:465,(anonymous_26)
FN:469,(anonymous_27)
FN:503,(anonymous_28)
FN:516,(anonymous_29)
FN:523,(anonymous_30)
FN:535,(anonymous_31)
FN:549,(anonymous_32)
FN:552,(anonymous_33)
FN:594,(anonymous_34)
FN:601,(anonymous_35)
FN:610,(anonymous_36)
FN:613,(anonymous_37)
FN:624,(anonymous_38)
FN:628,(anonymous_39)
FN:655,(anonymous_40)
FN:668,(anonymous_41)
FN:679,(anonymous_42)
FN:693,(anonymous_43)
FN:707,(anonymous_44)
FN:717,(anonymous_45)
FN:718,(anonymous_46)
FNF:47
FNH:0
FNDA:0,(anonymous_0)
FNDA:0,(anonymous_1)
FNDA:0,(anonymous_2)
FNDA:0,(anonymous_3)
FNDA:0,(anonymous_4)
FNDA:0,(anonymous_5)
FNDA:0,(anonymous_6)
FNDA:0,(anonymous_7)
FNDA:0,(anonymous_8)
FNDA:0,(anonymous_9)
FNDA:0,(anonymous_10)
FNDA:0,(anonymous_11)
FNDA:0,(anonymous_12)
FNDA:0,(anonymous_13)
FNDA:0,(anonymous_14)
FNDA:0,(anonymous_15)
FNDA:0,(anonymous_16)
FNDA:0,(anonymous_17)
FNDA:0,(anonymous_18)
FNDA:0,(anonymous_19)
FNDA:0,(anonymous_20)
FNDA:0,(anonymous_21)
FNDA:0,(anonymous_22)
FNDA:0,(anonymous_23)
FNDA:0,(anonymous_24)
FNDA:0,(anonymous_25)
FNDA:0,(anonymous_26)
FNDA:0,(anonymous_27)
FNDA:0,(anonymous_28)
FNDA:0,(anonymous_29)
FNDA:0,(anonymous_30)
FNDA:0,(anonymous_31)
FNDA:0,(anonymous_32)
FNDA:0,(anonymous_33)
FNDA:0,(anonymous_34)
FNDA:0,(anonymous_35)
FNDA:0,(anonymous_36)
FNDA:0,(anonymous_37)
FNDA:0,(anonymous_38)
FNDA:0,(anonymous_39)
FNDA:0,(anonymous_40)
FNDA:0,(anonymous_41)
FNDA:0,(anonymous_42)
FNDA:0,(anonymous_43)
FNDA:0,(anonymous_44)
FNDA:0,(anonymous_45)
FNDA:0,(anonymous_46)
DA:32,0
DA:37,0
DA:47,0
DA:61,0
DA:62,0
DA:64,0
DA:66,0
DA:67,0
DA:68,0
DA:69,0
DA:72,0
DA:73,0
DA:80,0
DA:81,0
DA:87,0
DA:96,0
DA:99,0
DA:101,0
DA:109,0
DA:110,0
DA:114,0
DA:121,0
DA:128,0
DA:129,0
DA:132,0
DA:139,0
DA:142,0
DA:152,0
DA:153,0
DA:155,0
DA:164,0
DA:165,0
DA:167,0
DA:175,0
DA:176,0
DA:177,0
DA:180,0
DA:181,0
DA:188,0
DA:189,0
DA:195,0
DA:204,0
DA:207,0
DA:209,0
DA:217,0
DA:218,0
DA:222,0
DA:229,0
DA:232,0
DA:234,0
DA:241,0
DA:244,0
DA:250,0
DA:260,0
DA:261,0
DA:263,0
DA:272,0
DA:273,0
DA:275,0
DA:277,0
DA:279,0
DA:281,0
DA:282,0
DA:284,0
DA:285,0
DA:289,0
DA:290,0
DA:292,0
DA:293,0
DA:295,0
DA:297,0
DA:302,0
DA:305,0
DA:307,0
DA:315,0
DA:321,0
DA:322,0
DA:325,0
DA:329,0
DA:332,0
DA:337,0
DA:340,0
DA:341,0
DA:344,0
DA:345,0
DA:349,0
DA:354,0
DA:363,0
DA:364,0
DA:366,0
DA:368,0
DA:369,0
DA:370,0
DA:373,0
DA:374,0
DA:381,0
DA:382,0
DA:389,0
DA:399,0
DA:402,0
DA:405,0
DA:406,0
DA:407,0
DA:410,0
DA:418,0
DA:419,0
DA:423,0
DA:430,0
DA:431,0
DA:434,0
DA:437,0
DA:443,0
DA:452,0
DA:453,0
DA:455,0
DA:465,0
DA:466,0
DA:468,0
DA:470,0
DA:471,0
DA:472,0
DA:475,0
DA:476,0
DA:482,0
DA:483,0
DA:489,0
DA:490,0
DA:496,0
DA:505,0
DA:508,0
DA:510,0
DA:518,0
DA:524,0
DA:527,0
DA:530,0
DA:537,0
DA:538,0
DA:540,0
DA:549,0
DA:550,0
DA:553,0
DA:554,0
DA:557,0
DA:558,0
DA:565,0
DA:568,0
DA:569,0
DA:575,0
DA:576,0
DA:582,0
DA:596,0
DA:597,0
DA:599,0
DA:601,0
DA:604,0
DA:610,0
DA:611,0
DA:613,0
DA:624,0
DA:625,0
DA:627,0
DA:629,0
DA:630,0
DA:631,0
DA:634,0
DA:635,0
DA:641,0
DA:642,0
DA:648,0
DA:657,0
DA:660,0
DA:662,0
DA:670,0
DA:676,0
DA:677,0
DA:680,0
DA:681,0
DA:684,0
DA:687,0
DA:695,0
DA:696,0
DA:698,0
DA:707,0
DA:708,0
DA:709,0
DA:710,0
DA:711,0
DA:712,0
DA:713,0
DA:714,0
DA:717,0
DA:718,0
DA:720,0
LF:193
LH:0
BRDA:72,0,0,0
BRDA:72,0,1,0
BRDA:72,1,0,0
BRDA:72,1,1,0
BRDA:80,2,0,0
BRDA:80,2,1,0
BRDA:80,3,0,0
BRDA:80,3,1,0
BRDA:89,4,0,0
BRDA:89,4,1,0
BRDA:109,5,0,0
BRDA:109,5,1,0
BRDA:128,6,0,0
BRDA:128,6,1,0
BRDA:128,7,0,0
BRDA:128,7,1,0
BRDA:152,8,0,0
BRDA:152,8,1,0
BRDA:180,9,0,0
BRDA:180,9,1,0
BRDA:180,10,0,0
BRDA:180,10,1,0
BRDA:188,11,0,0
BRDA:188,11,1,0
BRDA:188,12,0,0
BRDA:188,12,1,0
BRDA:197,13,0,0
BRDA:197,13,1,0
BRDA:217,14,0,0
BRDA:217,14,1,0
BRDA:232,15,0,0
BRDA:232,15,1,0
BRDA:232,16,0,0
BRDA:232,16,1,0
BRDA:260,17,0,0
BRDA:260,17,1,0
BRDA:260,18,0,0
BRDA:260,18,1,0
BRDA:284,19,0,0
BRDA:284,19,1,0
BRDA:373,20,0,0
BRDA:373,20,1,0
BRDA:381,21,0,0
BRDA:381,21,1,0
BRDA:391,22,0,0
BRDA:391,22,1,0
BRDA:405,23,0,0
BRDA:405,23,1,0
BRDA:418,24,0,0
BRDA:418,24,1,0
BRDA:430,25,0,0
BRDA:430,25,1,0
BRDA:430,26,0,0
BRDA:430,26,1,0
BRDA:452,27,0,0
BRDA:452,27,1,0
BRDA:475,28,0,0
BRDA:475,28,1,0
BRDA:475,29,0,0
BRDA:475,29,1,0
BRDA:482,30,0,0
BRDA:482,30,1,0
BRDA:482,31,0,0
BRDA:482,31,1,0
BRDA:489,32,0,0
BRDA:489,32,1,0
BRDA:498,33,0,0
BRDA:498,33,1,0
BRDA:537,34,0,0
BRDA:537,34,1,0
BRDA:537,35,0,0
BRDA:537,35,1,0
BRDA:557,36,0,0
BRDA:557,36,1,0
BRDA:565,37,0,0
BRDA:565,37,1,0
BRDA:568,38,0,0
BRDA:568,38,1,0
BRDA:568,39,0,0
BRDA:568,39,1,0
BRDA:575,40,0,0
BRDA:575,40,1,0
BRDA:584,41,0,0
BRDA:584,41,1,0
BRDA:596,42,0,0
BRDA:596,42,1,0
BRDA:596,43,0,0
BRDA:596,43,1,0
BRDA:631,44,0,0
BRDA:631,44,1,0
BRDA:634,45,0,0
BRDA:634,45,1,0
BRDA:634,46,0,0
BRDA:634,46,1,0
BRDA:641,47,0,0
BRDA:641,47,1,0
BRDA:650,48,0,0
BRDA:650,48,1,0
BRDA:680,49,0,0
BRDA:680,49,1,0
BRDA:680,50,0,0
BRDA:680,50,1,0
BRDA:695,51,0,0
BRDA:695,51,1,0
BRDA:695,52,0,0
BRDA:695,52,1,0
BRDA:743,53,0,0
BRDA:743,53,1,0
BRDA:744,54,0,0
BRDA:744,54,1,0
BRDA:751,55,0,0
BRDA:751,55,1,0
BRDA:756,56,0,0
BRDA:756,56,1,0
BRDA:761,57,0,0
BRDA:761,57,1,0
BRDA:766,58,0,0
BRDA:766,58,1,0
BRDA:771,59,0,0
BRDA:771,59,1,0
BRDA:776,60,0,0
BRDA:776,60,1,0
BRDA:781,61,0,0
BRDA:781,61,1,0
BRF:124
BRH:0
end_of_record
TN:
SF:src/hooks/useCart.ts
FN:52,(anonymous_0)
FN:65,(anonymous_1)
FN:71,(anonymous_2)
FN:92,(anonymous_3)
FN:101,(anonymous_4)
FN:113,(anonymous_5)
FN:144,(anonymous_6)
FN:152,(anonymous_7)
FN:157,(anonymous_8)
FN:169,(anonymous_9)
FN:183,(anonymous_10)
FN:197,(anonymous_11)
FN:202,(anonymous_12)
FN:215,(anonymous_13)
FN:227,(anonymous_14)
FN:250,(anonymous_15)
FN:258,(anonymous_16)
FN:259,(anonymous_17)
FN:273,(anonymous_18)
FN:286,(anonymous_19)
FN:291,(anonymous_20)
FN:303,(anonymous_21)
FN:315,(anonymous_22)
FN:346,(anonymous_23)
FN:354,(anonymous_24)
FN:362,(anonymous_25)
FN:364,(anonymous_26)
FN:378,(anonymous_27)
FN:392,(anonymous_28)
FN:397,(anonymous_29)
FN:410,(anonymous_30)
FN:422,(anonymous_31)
FN:434,(anonymous_32)
FN:451,(anonymous_33)
FN:464,(anonymous_34)
FN:469,(anonymous_35)
FN:480,(anonymous_36)
FN:486,(anonymous_37)
FN:488,(anonymous_38)
FN:492,(anonymous_39)
FN:513,(anonymous_40)
FN:514,(anonymous_41)
FN:515,(anonymous_42)
FN:516,(anonymous_43)
FN:518,(anonymous_44)
FN:522,(anonymous_45)
FN:526,(anonymous_46)
FN:530,(anonymous_47)
FN:535,(anonymous_48)
FN:536,(anonymous_49)
FN:537,(anonymous_50)
FNF:51
FNH:1
FNDA:0,(anonymous_0)
FNDA:0,(anonymous_1)
FNDA:8,(anonymous_2)
FNDA:0,(anonymous_3)
FNDA:0,(anonymous_4)
FNDA:0,(anonymous_5)
FNDA:0,(anonymous_6)
FNDA:0,(anonymous_7)
FNDA:0,(anonymous_8)
FNDA:0,(anonymous_9)
FNDA:0,(anonymous_10)
FNDA:0,(anonymous_11)
FNDA:0,(anonymous_12)
FNDA:0,(anonymous_13)
FNDA:0,(anonymous_14)
FNDA:0,(anonymous_15)
FNDA:0,(anonymous_16)
FNDA:0,(anonymous_17)
FNDA:0,(anonymous_18)
FNDA:0,(anonymous_19)
FNDA:0,(anonymous_20)
FNDA:0,(anonymous_21)
FNDA:0,(anonymous_22)
FNDA:0,(anonymous_23)
FNDA:0,(anonymous_24)
FNDA:0,(anonymous_25)
FNDA:0,(anonymous_26)
FNDA:0,(anonymous_27)
FNDA:0,(anonymous_28)
FNDA:0,(anonymous_29)
FNDA:0,(anonymous_30)
FNDA:0,(anonymous_31)
FNDA:0,(anonymous_32)
FNDA:0,(anonymous_33)
FNDA:0,(anonymous_34)
FNDA:0,(anonymous_35)
FNDA:0,(anonymous_36)
FNDA:0,(anonymous_37)
FNDA:0,(anonymous_38)
FNDA:0,(anonymous_39)
FNDA:0,(anonymous_40)
FNDA:0,(anonymous_41)
FNDA:0,(anonymous_42)
FNDA:0,(anonymous_43)
FNDA:0,(anonymous_44)
FNDA:0,(anonymous_45)
FNDA:0,(anonymous_46)
FNDA:0,(anonymous_47)
FNDA:0,(anonymous_48)
FNDA:0,(anonymous_49)
FNDA:0,(anonymous_50)
DA:52,2
DA:57,0
DA:65,2
DA:71,2
DA:72,8
DA:73,8
DA:75,8
DA:83,8
DA:94,0
DA:96,0
DA:97,0
DA:99,0
DA:101,0
DA:105,8
DA:112,8
DA:114,0
DA:115,0
DA:117,0
DA:118,0
DA:121,0
DA:122,0
DA:129,0
DA:130,0
DA:137,0
DA:146,0
DA:149,0
DA:152,0
DA:155,0
DA:156,0
DA:157,0
DA:158,0
DA:163,0
DA:169,0
DA:170,0
DA:172,0
DA:175,0
DA:177,0
DA:185,0
DA:186,0
DA:190,0
DA:199,0
DA:200,0
DA:201,0
DA:202,0
DA:206,0
DA:217,0
DA:218,0
DA:220,0
DA:226,8
DA:228,0
DA:229,0
DA:231,0
DA:232,0
DA:235,0
DA:236,0
DA:243,0
DA:252,0
DA:255,0
DA:258,0
DA:259,0
DA:260,0
DA:262,0
DA:265,0
DA:267,0
DA:275,0
DA:276,0
DA:280,0
DA:288,0
DA:289,0
DA:290,0
DA:291,0
DA:295,0
DA:305,0
DA:306,0
DA:308,0
DA:314,8
DA:316,0
DA:317,0
DA:319,0
DA:320,0
DA:323,0
DA:324,0
DA:331,0
DA:332,0
DA:339,0
DA:348,0
DA:351,0
DA:354,0
DA:355,0
DA:356,0
DA:361,0
DA:362,0
DA:364,0
DA:365,0
DA:367,0
DA:370,0
DA:372,0
DA:380,0
DA:381,0
DA:385,0
DA:394,0
DA:395,0
DA:396,0
DA:397,0
DA:401,0
DA:412,0
DA:413,0
DA:415,0
DA:421,8
DA:423,0
DA:424,0
DA:425,0
DA:427,0
DA:436,0
DA:439,0
DA:442,0
DA:443,0
DA:445,0
DA:453,0
DA:454,0
DA:458,0
DA:466,0
DA:467,0
DA:468,0
DA:469,0
DA:473,0
DA:481,0
DA:486,8
DA:487,0
DA:488,0
DA:489,0
DA:492,8
DA:495,8
DA:496,0
DA:502,0
DA:513,0
DA:514,0
DA:515,0
DA:516,0
DA:518,0
DA:522,0
DA:526,0
DA:530,0
DA:535,0
DA:536,0
DA:537,0
DA:541,8
LF:147
LH:16
BRDA:75,0,0,8
BRDA:75,0,1,0
BRDA:79,1,0,1
BRDA:94,2,0,0
BRDA:94,2,1,0
BRDA:96,3,0,0
BRDA:96,3,1,0
BRDA:96,4,0,0
BRDA:96,4,1,0
BRDA:105,5,0,0
BRDA:105,5,1,8
BRDA:107,6,0,0
BRDA:107,6,1,0
BRDA:113,7,0,0
BRDA:121,8,0,0
BRDA:121,8,1,0
BRDA:129,9,0,0
BRDA:129,9,1,0
BRDA:139,10,0,0
BRDA:139,10,1,0
BRDA:144,11,0,0
BRDA:149,12,0,0
BRDA:149,12,1,0
BRDA:155,13,0,0
BRDA:155,13,1,0
BRDA:158,14,0,0
BRDA:158,14,1,0
BRDA:185,15,0,0
BRDA:185,15,1,0
BRDA:199,16,0,0
BRDA:199,16,1,0
BRDA:217,17,0,0
BRDA:217,17,1,0
BRDA:217,18,0,0
BRDA:217,18,1,0
BRDA:235,19,0,0
BRDA:235,19,1,0
BRDA:245,20,0,0
BRDA:245,20,1,0
BRDA:255,21,0,0
BRDA:255,21,1,0
BRDA:275,22,0,0
BRDA:275,22,1,0
BRDA:288,23,0,0
BRDA:288,23,1,0
BRDA:305,24,0,0
BRDA:305,24,1,0
BRDA:323,25,0,0
BRDA:323,25,1,0
BRDA:331,26,0,0
BRDA:331,26,1,0
BRDA:341,27,0,0
BRDA:341,27,1,0
BRDA:351,28,0,0
BRDA:351,28,1,0
BRDA:355,29,0,0
BRDA:355,29,1,0
BRDA:380,30,0,0
BRDA:380,30,1,0
BRDA:394,31,0,0
BRDA:394,31,1,0
BRDA:412,32,0,0
BRDA:412,32,1,0
BRDA:412,33,0,0
BRDA:412,33,1,0
BRDA:429,34,0,0
BRDA:429,34,1,0
BRDA:439,35,0,0
BRDA:439,35,1,0
BRDA:453,36,0,0
BRDA:453,36,1,0
BRDA:466,37,0,0
BRDA:466,37,1,0
BRDA:487,38,0,0
BRDA:487,38,1,0
BRDA:489,39,0,0
BRDA:489,39,1,0
BRDA:492,40,0,0
BRDA:492,40,1,0
BRDA:495,41,0,0
BRDA:495,41,1,8
BRF:81
BRH:4
end_of_record
TN:
SF:src/hooks/useCheckoutForm.ts
FN:24,(anonymous_0)
FN:43,(anonymous_1)
FN:44,(anonymous_2)
FN:56,(anonymous_3)
FN:91,(anonymous_4)
FN:103,(anonymous_5)
FN:121,(anonymous_6)
FN:130,(anonymous_7)
FN:158,(anonymous_8)
FN:159,(anonymous_9)
FNF:10
FNH:0
FNDA:0,(anonymous_0)
FNDA:0,(anonymous_1)
FNDA:0,(anonymous_2)
FNDA:0,(anonymous_3)
FNDA:0,(anonymous_4)
FNDA:0,(anonymous_5)
FNDA:0,(anonymous_6)
FNDA:0,(anonymous_7)
FNDA:0,(anonymous_8)
FNDA:0,(anonymous_9)
DA:24,0
DA:25,0
DA:26,0
DA:27,0
DA:30,0
DA:31,0
DA:33,0
DA:43,0
DA:44,0
DA:47,0
DA:48,0
DA:49,0
DA:50,0
DA:51,0
DA:52,0
DA:53,0
DA:56,0
DA:57,0
DA:60,0
DA:61,0
DA:62,0
DA:64,0
DA:65,0
DA:69,0
DA:70,0
DA:71,0
DA:73,0
DA:74,0
DA:79,0
DA:80,0
DA:83,0
DA:84,0
DA:91,0
DA:92,0
DA:93,0
DA:94,0
DA:95,0
DA:96,0
DA:97,0
DA:98,0
DA:99,0
DA:103,0
DA:104,0
DA:105,0
DA:106,0
DA:109,0
DA:121,0
DA:122,0
DA:123,0
DA:127,0
DA:130,0
DA:132,0
DA:159,0
DA:160,0
DA:161,0
DA:162,0
LF:56
LH:0
BRDA:64,0,0,0
BRDA:64,0,1,0
BRDA:69,1,0,0
BRDA:69,1,1,0
BRDA:73,2,0,0
BRDA:73,2,1,0
BRDA:79,3,0,0
BRDA:79,3,1,0
BRDA:105,4,0,0
BRDA:105,4,1,0
BRF:10
BRH:0
end_of_record
TN:
SF:src/hooks/useErrorRecovery.ts
FN:41,(anonymous_0)
FN:72,(anonymous_1)
FN:96,(anonymous_2)
FN:97,(anonymous_3)
FN:98,(anonymous_4)
FN:103,(anonymous_5)
FN:107,(anonymous_6)
FN:112,(anonymous_7)
FN:130,(anonymous_8)
FN:156,(anonymous_9)
FN:165,(anonymous_10)
FN:177,(anonymous_11)
FN:199,(anonymous_12)
FN:228,(anonymous_13)
FN:250,(anonymous_14)
FN:269,(anonymous_15)
FN:282,(anonymous_16)
FN:295,(anonymous_17)
FN:307,(anonymous_18)
FN:314,(anonymous_19)
FN:336,(anonymous_20)
FNF:21
FNH:1
FNDA:0,(anonymous_0)
FNDA:2,(anonymous_1)
FNDA:0,(anonymous_2)
FNDA:0,(anonymous_3)
FNDA:0,(anonymous_4)
FNDA:0,(anonymous_5)
FNDA:0,(anonymous_6)
FNDA:0,(anonymous_7)
FNDA:0,(anonymous_8)
FNDA:0,(anonymous_9)
FNDA:0,(anonymous_10)
FNDA:0,(anonymous_11)
FNDA:0,(anonymous_12)
FNDA:0,(anonymous_13)
FNDA:0,(anonymous_14)
FNDA:0,(anonymous_15)
FNDA:0,(anonymous_16)
FNDA:0,(anonymous_17)
FNDA:0,(anonymous_18)
FNDA:0,(anonymous_19)
FNDA:0,(anonymous_20)
DA:41,1
DA:46,0
DA:56,1
DA:72,1
DA:73,2
DA:74,2
DA:77,2
DA:78,0
DA:84,0
DA:96,0
DA:97,0
DA:99,0
DA:100,0
DA:103,0
DA:107,0
DA:112,0
DA:116,2
DA:128,2
DA:131,0
DA:133,0
DA:134,0
DA:136,0
DA:143,0
DA:158,0
DA:160,0
DA:161,0
DA:163,0
DA:165,0
DA:169,2
DA:176,2
DA:178,0
DA:179,0
DA:180,0
DA:183,0
DA:184,0
DA:191,0
DA:201,0
DA:202,0
DA:203,0
DA:206,0
DA:207,0
DA:208,0
DA:211,0
DA:217,0
DA:219,0
DA:230,0
DA:231,0
DA:233,0
DA:234,0
DA:236,0
DA:237,0
DA:241,0
DA:251,0
DA:254,0
DA:260,0
DA:271,0
DA:272,0
DA:274,0
DA:281,2
DA:283,0
DA:285,0
DA:286,0
DA:288,0
DA:297,0
DA:300,0
DA:308,0
DA:314,2
DA:315,0
DA:316,0
DA:317,0
DA:320,0
DA:336,2
DA:338,2
LF:73
LH:14
BRDA:77,0,0,0
BRDA:77,0,1,2
BRDA:120,1,0,0
BRDA:145,2,0,0
BRDA:145,2,1,0
BRDA:158,3,0,0
BRDA:158,3,1,0
BRDA:160,4,0,0
BRDA:160,4,1,0
BRDA:160,5,0,0
BRDA:160,5,1,0
BRDA:169,6,0,0
BRDA:169,6,1,2
BRDA:171,7,0,0
BRDA:171,7,1,0
BRDA:183,8,0,0
BRDA:183,8,1,0
BRDA:193,9,0,0
BRDA:193,9,1,0
BRDA:230,10,0,0
BRDA:230,10,1,0
BRDA:233,11,0,0
BRDA:233,11,1,0
BRDA:236,12,0,0
BRDA:236,12,1,0
BRDA:271,13,0,0
BRDA:271,13,1,0
BRDA:290,14,0,0
BRDA:290,14,1,0
BRDA:314,15,0,0
BRDA:315,16,0,0
BRDA:315,16,1,0
BRDA:322,17,0,0
BRDA:322,17,1,0
BRDA:325,18,0,0
BRDA:325,18,1,0
BRDA:329,19,0,0
BRDA:329,19,1,0
BRDA:330,20,0,0
BRDA:330,20,1,0
BRDA:348,21,0,0
BRDA:348,21,1,2
BRDA:353,22,0,0
BRDA:353,22,1,2
BRF:44
BRH:4
end_of_record
TN:
SF:src/hooks/useInventory.ts
FN:19,useInventoryItem
FN:22,(anonymous_1)
FN:32,useInventoryByProduct
FN:35,(anonymous_3)
FN:45,useLowStockItems
FN:48,(anonymous_5)
FN:58,useUpdateStock
FN:62,(anonymous_7)
FN:68,(anonymous_8)
FN:93,(anonymous_9)
FN:105,(anonymous_10)
FN:112,(anonymous_11)
FN:121,useUpdateVisibility
FN:125,(anonymous_13)
FN:131,(anonymous_14)
FN:151,(anonymous_15)
FN:158,(anonymous_16)
FN:164,(anonymous_17)
FN:173,useBatchUpdateStock
FN:177,(anonymous_19)
FN:180,(anonymous_20)
FN:182,(anonymous_21)
FN:191,(anonymous_22)
FN:201,useCreateInventoryItem
FN:205,(anonymous_24)
FN:207,(anonymous_25)
FN:224,useInventory
FNF:27
FNH:0
FNDA:0,useInventoryItem
FNDA:0,(anonymous_1)
FNDA:0,useInventoryByProduct
FNDA:0,(anonymous_3)
FNDA:0,useLowStockItems
FNDA:0,(anonymous_5)
FNDA:0,useUpdateStock
FNDA:0,(anonymous_7)
FNDA:0,(anonymous_8)
FNDA:0,(anonymous_9)
FNDA:0,(anonymous_10)
FNDA:0,(anonymous_11)
FNDA:0,useUpdateVisibility
FNDA:0,(anonymous_13)
FNDA:0,(anonymous_14)
FNDA:0,(anonymous_15)
FNDA:0,(anonymous_16)
FNDA:0,(anonymous_17)
FNDA:0,useBatchUpdateStock
FNDA:0,(anonymous_19)
FNDA:0,(anonymous_20)
FNDA:0,(anonymous_21)
FNDA:0,(anonymous_22)
FNDA:0,useCreateInventoryItem
FNDA:0,(anonymous_24)
FNDA:0,(anonymous_25)
FNDA:0,useInventory
DA:20,0
DA:22,0
DA:33,0
DA:35,0
DA:46,0
DA:48,0
DA:59,0
DA:61,0
DA:65,0
DA:70,0
DA:73,0
DA:78,0
DA:79,0
DA:86,0
DA:89,0
DA:94,0
DA:96,0
DA:99,0
DA:100,0
DA:106,0
DA:107,0
DA:113,0
DA:122,0
DA:124,0
DA:128,0
DA:132,0
DA:134,0
DA:138,0
DA:139,0
DA:145,0
DA:148,0
DA:152,0
DA:153,0
DA:154,0
DA:159,0
DA:160,0
DA:165,0
DA:174,0
DA:176,0
DA:178,0
DA:182,0
DA:183,0
DA:184,0
DA:188,0
DA:193,0
DA:202,0
DA:204,0
DA:205,0
DA:208,0
DA:210,0
DA:211,0
DA:214,0
DA:225,0
DA:226,0
DA:227,0
DA:228,0
DA:229,0
DA:230,0
DA:232,0
LF:59
LH:0
BRDA:21,0,0,0
BRDA:21,0,1,0
BRDA:34,1,0,0
BRDA:34,1,1,0
BRDA:78,2,0,0
BRDA:78,2,1,0
BRDA:94,3,0,0
BRDA:94,3,1,0
BRDA:106,4,0,0
BRDA:106,4,1,0
BRDA:138,5,0,0
BRDA:138,5,1,0
BRDA:152,6,0,0
BRDA:152,6,1,0
BRDA:159,7,0,0
BRDA:159,7,1,0
BRDA:208,8,0,0
BRDA:208,8,1,0
BRDA:225,9,0,0
BRDA:225,9,1,0
BRDA:240,10,0,0
BRDA:240,10,1,0
BRDA:246,11,0,0
BRDA:246,11,1,0
BRF:24
BRH:0
end_of_record
TN:
SF:src/hooks/useKiosk.ts
FN:23,(anonymous_0)
FN:28,(anonymous_1)
FN:70,(anonymous_2)
FN:84,(anonymous_3)
FN:96,(anonymous_4)
FN:101,(anonymous_5)
FN:146,(anonymous_6)
FN:157,(anonymous_7)
FN:190,(anonymous_8)
FN:195,(anonymous_9)
FN:230,(anonymous_10)
FN:244,(anonymous_11)
FN:275,(anonymous_12)
FN:280,(anonymous_13)
FN:304,(anonymous_14)
FN:309,(anonymous_15)
FN:342,(anonymous_16)
FNF:17
FNH:5
FNDA:3,(anonymous_0)
FNDA:0,(anonymous_1)
FNDA:0,(anonymous_2)
FNDA:0,(anonymous_3)
FNDA:5,(anonymous_4)
FNDA:0,(anonymous_5)
FNDA:0,(anonymous_6)
FNDA:0,(anonymous_7)
FNDA:3,(anonymous_8)
FNDA:0,(anonymous_9)
FNDA:0,(anonymous_10)
FNDA:0,(anonymous_11)
FNDA:0,(anonymous_12)
FNDA:0,(anonymous_13)
FNDA:3,(anonymous_14)
FNDA:0,(anonymous_15)
FNDA:3,(anonymous_16)
DA:23,1
DA:24,3
DA:25,3
DA:27,3
DA:29,0
DA:31,0
DA:32,0
DA:39,0
DA:45,0
DA:47,0
DA:48,0
DA:55,0
DA:57,0
DA:64,0
DA:71,0
DA:73,0
DA:74,0
DA:77,0
DA:85,0
DA:96,1
DA:97,5
DA:99,5
DA:102,0
DA:103,0
DA:109,0
DA:112,0
DA:113,0
DA:115,0
DA:116,0
DA:123,0
DA:125,0
DA:131,0
DA:146,1
DA:153,0
DA:155,0
DA:158,0
DA:159,0
DA:161,0
DA:162,0
DA:169,0
DA:171,0
DA:177,0
DA:190,1
DA:191,3
DA:192,3
DA:194,3
DA:196,0
DA:197,0
DA:198,0
DA:205,0
DA:208,0
DA:210,0
DA:211,0
DA:218,0
DA:220,0
DA:227,0
DA:232,0
DA:233,0
DA:235,0
DA:243,3
DA:248,0
DA:249,0
DA:250,0
DA:253,0
DA:255,0
DA:256,0
DA:263,0
DA:265,0
DA:272,0
DA:276,0
DA:278,0
DA:281,0
DA:282,0
DA:290,0
DA:297,3
DA:304,1
DA:305,3
DA:307,3
DA:310,0
DA:312,0
DA:313,0
DA:315,0
DA:316,0
DA:323,0
DA:325,0
DA:331,0
DA:342,1
DA:343,3
DA:344,3
DA:346,3
DA:347,3
DA:350,3
DA:351,3
DA:353,3
LF:94
LH:25
BRDA:31,0,0,0
BRDA:31,0,1,0
BRDA:31,1,0,0
BRDA:31,1,1,0
BRDA:31,1,2,0
BRDA:47,2,0,0
BRDA:47,2,1,0
BRDA:59,3,0,0
BRDA:59,3,1,0
BRDA:71,4,0,0
BRDA:71,4,1,0
BRDA:71,5,0,0
BRDA:71,5,1,0
BRDA:87,6,0,0
BRDA:87,6,1,0
BRDA:100,7,0,5
BRDA:100,7,1,3
BRDA:102,8,0,0
BRDA:102,8,1,0
BRDA:115,9,0,0
BRDA:115,9,1,0
BRDA:127,10,0,0
BRDA:127,10,1,0
BRDA:161,11,0,0
BRDA:161,11,1,0
BRDA:173,12,0,0
BRDA:173,12,1,0
BRDA:197,13,0,0
BRDA:197,13,1,0
BRDA:210,14,0,0
BRDA:210,14,1,0
BRDA:222,15,0,0
BRDA:222,15,1,0
BRDA:249,16,0,0
BRDA:249,16,1,0
BRDA:255,17,0,0
BRDA:255,17,1,0
BRDA:267,18,0,0
BRDA:267,18,1,0
BRDA:276,19,0,0
BRDA:276,19,1,0
BRDA:281,20,0,0
BRDA:281,20,1,0
BRDA:281,21,0,0
BRDA:281,21,1,0
BRDA:286,22,0,0
BRDA:286,22,1,0
BRDA:308,23,0,3
BRDA:308,23,1,3
BRDA:310,24,0,0
BRDA:310,24,1,0
BRDA:315,25,0,0
BRDA:315,25,1,0
BRDA:327,26,0,0
BRDA:327,26,1,0
BRDA:350,27,0,3
BRDA:350,27,1,3
BRDA:351,28,0,3
BRDA:351,28,1,3
BRDA:356,29,0,3
BRDA:356,29,1,3
BRDA:362,30,0,3
BRDA:362,30,1,3
BRF:63
BRH:12
end_of_record
TN:
SF:src/hooks/useNoShowHandling.ts
FN:31,createNoShowError
FN:49,(anonymous_1)
FN:50,(anonymous_2)
FN:51,(anonymous_3)
FN:52,(anonymous_4)
FN:58,(anonymous_5)
FN:64,(anonymous_6)
FN:103,(anonymous_7)
FN:120,(anonymous_8)
FN:138,(anonymous_9)
FN:167,(anonymous_10)
FN:181,(anonymous_11)
FN:216,(anonymous_12)
FN:230,(anonymous_13)
FN:239,(anonymous_14)
FN:256,(anonymous_15)
FN:267,(anonymous_16)
FN:294,(anonymous_17)
FN:299,(anonymous_18)
FN:304,(anonymous_19)
FN:309,(anonymous_20)
FN:314,(anonymous_21)
FN:334,(anonymous_22)
FN:335,(anonymous_23)
FN:336,(anonymous_24)
FN:337,(anonymous_25)
FN:338,(anonymous_26)
FN:340,(anonymous_27)
FN:341,(anonymous_28)
FN:342,(anonymous_29)
FN:344,(anonymous_30)
FN:345,(anonymous_31)
FN:368,(anonymous_32)
FN:369,(anonymous_33)
FNF:34
FNH:1
FNDA:0,createNoShowError
FNDA:0,(anonymous_1)
FNDA:0,(anonymous_2)
FNDA:0,(anonymous_3)
FNDA:0,(anonymous_4)
FNDA:3,(anonymous_5)
FNDA:0,(anonymous_6)
FNDA:0,(anonymous_7)
FNDA:0,(anonymous_8)
FNDA:0,(anonymous_9)
FNDA:0,(anonymous_10)
FNDA:0,(anonymous_11)
FNDA:0,(anonymous_12)
FNDA:0,(anonymous_13)
FNDA:0,(anonymous_14)
FNDA:0,(anonymous_15)
FNDA:0,(anonymous_16)
FNDA:0,(anonymous_17)
FNDA:0,(anonymous_18)
FNDA:0,(anonymous_19)
FNDA:0,(anonymous_20)
FNDA:0,(anonymous_21)
FNDA:0,(anonymous_22)
FNDA:0,(anonymous_23)
FNDA:0,(anonymous_24)
FNDA:0,(anonymous_25)
FNDA:0,(anonymous_26)
FNDA:0,(anonymous_27)
FNDA:0,(anonymous_28)
FNDA:0,(anonymous_29)
FNDA:0,(anonymous_30)
FNDA:0,(anonymous_31)
FNDA:0,(anonymous_32)
FNDA:0,(anonymous_33)
DA:37,0
DA:47,1
DA:49,0
DA:50,0
DA:51,0
DA:52,0
DA:58,1
DA:59,3
DA:60,3
DA:63,3
DA:65,0
DA:66,0
DA:67,0
DA:70,0
DA:71,0
DA:78,0
DA:79,0
DA:86,0
DA:87,0
DA:94,0
DA:105,0
DA:106,0
DA:109,0
DA:110,0
DA:112,0
DA:122,0
DA:130,0
DA:131,0
DA:133,0
DA:134,0
DA:139,0
DA:140,0
DA:146,0
DA:147,0
DA:148,0
DA:158,0
DA:169,0
DA:171,0
DA:173,0
DA:180,3
DA:182,0
DA:184,0
DA:185,0
DA:190,0
DA:193,0
DA:194,0
DA:201,0
DA:202,0
DA:208,0
DA:218,0
DA:219,0
DA:221,0
DA:223,0
DA:232,0
DA:240,0
DA:241,0
DA:248,0
DA:258,0
DA:259,0
DA:261,0
DA:267,3
DA:268,0
DA:269,0
DA:270,0
DA:278,0
DA:281,0
DA:283,0
DA:288,0
DA:293,3
DA:294,0
DA:298,3
DA:299,0
DA:303,3
DA:304,0
DA:308,3
DA:309,0
DA:313,3
DA:314,0
DA:319,3
DA:320,0
DA:326,0
DA:334,0
DA:335,0
DA:336,0
DA:337,0
DA:338,0
DA:340,0
DA:341,0
DA:342,0
DA:349,3
DA:368,0
DA:369,0
LF:92
LH:14
BRDA:70,0,0,0
BRDA:70,0,1,0
BRDA:78,1,0,0
BRDA:78,1,1,0
BRDA:78,2,0,0
BRDA:78,2,1,0
BRDA:86,3,0,0
BRDA:86,3,1,0
BRDA:96,4,0,0
BRDA:96,4,1,0
BRDA:130,5,0,0
BRDA:130,5,1,0
BRDA:133,6,0,0
BRDA:133,6,1,0
BRDA:139,7,0,0
BRDA:139,7,1,0
BRDA:139,8,0,0
BRDA:139,8,1,0
BRDA:141,9,0,0
BRDA:141,9,1,0
BRDA:146,10,0,0
BRDA:146,10,1,0
BRDA:169,11,0,0
BRDA:169,11,1,0
BRDA:169,12,0,0
BRDA:169,12,1,0
BRDA:193,13,0,0
BRDA:193,13,1,0
BRDA:201,14,0,0
BRDA:201,14,1,0
BRDA:210,15,0,0
BRDA:210,15,1,0
BRDA:240,16,0,0
BRDA:240,16,1,0
BRDA:240,17,0,0
BRDA:240,17,1,0
BRDA:258,18,0,0
BRDA:258,18,1,0
BRDA:269,19,0,0
BRDA:269,19,1,0
BRDA:288,20,0,0
BRDA:288,20,1,0
BRDA:319,21,0,0
BRDA:319,21,1,3
BRDA:353,22,0,3
BRDA:353,22,1,3
BRF:46
BRH:3
end_of_record
TN:
SF:src/hooks/useNotifications.ts
FN:31,createNotificationError
FN:80,(anonymous_1)
FN:93,(anonymous_2)
FN:94,(anonymous_3)
FN:95,(anonymous_4)
FN:96,(anonymous_5)
FN:107,(anonymous_6)
FN:108,(anonymous_7)
FN:109,(anonymous_8)
FN:110,(anonymous_9)
FN:117,(anonymous_10)
FN:165,(anonymous_11)
FN:179,(anonymous_12)
FN:236,(anonymous_13)
FN:249,(anonymous_14)
FN:296,(anonymous_15)
FN:314,(anonymous_16)
FN:325,(anonymous_17)
FN:340,(anonymous_18)
FN:364,(anonymous_19)
FN:379,(anonymous_20)
FN:424,(anonymous_21)
FN:432,(anonymous_22)
FN:443,(anonymous_23)
FN:458,(anonymous_24)
FN:478,(anonymous_25)
FN:491,(anonymous_26)
FN:492,(anonymous_27)
FN:496,(anonymous_28)
FN:501,(anonymous_29)
FN:506,(anonymous_30)
FN:511,(anonymous_31)
FNF:32
FNH:1
FNDA:0,createNotificationError
FNDA:4,(anonymous_1)
FNDA:0,(anonymous_2)
FNDA:0,(anonymous_3)
FNDA:0,(anonymous_4)
FNDA:0,(anonymous_5)
FNDA:0,(anonymous_6)
FNDA:0,(anonymous_7)
FNDA:0,(anonymous_8)
FNDA:0,(anonymous_9)
FNDA:0,(anonymous_10)
FNDA:0,(anonymous_11)
FNDA:0,(anonymous_12)
FNDA:0,(anonymous_13)
FNDA:0,(anonymous_14)
FNDA:0,(anonymous_15)
FNDA:0,(anonymous_16)
FNDA:0,(anonymous_17)
FNDA:0,(anonymous_18)
FNDA:0,(anonymous_19)
FNDA:0,(anonymous_20)
FNDA:0,(anonymous_21)
FNDA:0,(anonymous_22)
FNDA:0,(anonymous_23)
FNDA:0,(anonymous_24)
FNDA:0,(anonymous_25)
FNDA:0,(anonymous_26)
FNDA:0,(anonymous_27)
FNDA:0,(anonymous_28)
FNDA:0,(anonymous_29)
FNDA:0,(anonymous_30)
FNDA:0,(anonymous_31)
DA:37,0
DA:49,1
DA:80,1
DA:81,4
DA:82,4
DA:85,4
DA:86,0
DA:87,0
DA:94,0
DA:96,0
DA:107,0
DA:108,0
DA:109,0
DA:110,0
DA:115,4
DA:119,0
DA:120,0
DA:127,0
DA:130,0
DA:131,0
DA:133,0
DA:136,0
DA:137,0
DA:144,0
DA:145,0
DA:152,0
DA:167,0
DA:168,0
DA:170,0
DA:177,4
DA:181,0
DA:182,0
DA:189,0
DA:192,0
DA:193,0
DA:204,0
DA:207,0
DA:208,0
DA:215,0
DA:216,0
DA:223,0
DA:238,0
DA:239,0
DA:241,0
DA:248,4
DA:250,0
DA:251,0
DA:252,0
DA:255,0
DA:256,0
DA:263,0
DA:264,0
DA:271,0
DA:272,0
DA:279,0
DA:280,0
DA:287,0
DA:298,0
DA:301,0
DA:304,0
DA:314,0
DA:315,0
DA:318,0
DA:327,0
DA:335,0
DA:336,0
DA:341,0
DA:342,0
DA:349,0
DA:355,0
DA:366,0
DA:369,0
DA:371,0
DA:378,4
DA:380,0
DA:383,0
DA:388,0
DA:391,0
DA:392,0
DA:399,0
DA:400,0
DA:407,0
DA:408,0
DA:415,0
DA:426,0
DA:429,0
DA:432,0
DA:433,0
DA:436,0
DA:445,0
DA:453,0
DA:454,0
DA:459,0
DA:460,0
DA:466,0
DA:469,0
DA:480,0
DA:482,0
DA:484,0
DA:491,4
DA:492,4
DA:495,4
DA:496,0
DA:500,4
DA:501,0
DA:505,4
DA:506,0
DA:510,4
DA:511,0
DA:515,4
LF:110
LH:16
BRDA:85,0,0,0
BRDA:85,0,1,4
BRDA:119,1,0,0
BRDA:119,1,1,0
BRDA:131,2,0,0
BRDA:131,2,1,0
BRDA:136,3,0,0
BRDA:136,3,1,0
BRDA:144,4,0,0
BRDA:144,4,1,0
BRDA:154,5,0,0
BRDA:154,5,1,0
BRDA:167,6,0,0
BRDA:167,6,1,0
BRDA:181,7,0,0
BRDA:181,7,1,0
BRDA:193,8,0,0
BRDA:193,8,1,0
BRDA:207,9,0,0
BRDA:207,9,1,0
BRDA:215,10,0,0
BRDA:215,10,1,0
BRDA:225,11,0,0
BRDA:225,11,1,0
BRDA:238,12,0,0
BRDA:238,12,1,0
BRDA:255,13,0,0
BRDA:255,13,1,0
BRDA:255,14,0,0
BRDA:255,14,1,0
BRDA:263,15,0,0
BRDA:263,15,1,0
BRDA:263,16,0,0
BRDA:263,16,1,0
BRDA:271,17,0,0
BRDA:271,17,1,0
BRDA:279,18,0,0
BRDA:279,18,1,0
BRDA:289,19,0,0
BRDA:289,19,1,0
BRDA:307,20,0,0
BRDA:307,20,1,0
BRDA:311,21,0,0
BRDA:311,21,1,0
BRDA:315,22,0,0
BRDA:315,22,1,0
BRDA:335,23,0,0
BRDA:335,23,1,0
BRDA:341,24,0,0
BRDA:341,24,1,0
BRDA:341,25,0,0
BRDA:341,25,1,0
BRDA:366,26,0,0
BRDA:366,26,1,0
BRDA:366,27,0,0
BRDA:366,27,1,0
BRDA:366,27,2,0
BRDA:391,28,0,0
BRDA:391,28,1,0
BRDA:391,29,0,0
BRDA:391,29,1,0
BRDA:399,30,0,0
BRDA:399,30,1,0
BRDA:407,31,0,0
BRDA:407,31,1,0
BRDA:417,32,0,0
BRDA:417,32,1,0
BRDA:433,33,0,0
BRDA:433,33,1,0
BRDA:453,34,0,0
BRDA:453,34,1,0
BRDA:459,35,0,0
BRDA:459,35,1,0
BRDA:459,36,0,0
BRDA:459,36,1,0
BRDA:480,37,0,0
BRDA:480,37,1,0
BRDA:480,38,0,0
BRDA:480,38,1,0
BRDA:523,39,0,4
BRDA:523,39,1,0
BRDA:524,40,0,4
BRDA:524,40,1,0
BRF:83
BRH:3
end_of_record
TN:
SF:src/hooks/useOrders.ts
FN:35,createOrderError
FN:56,(anonymous_1)
FN:69,(anonymous_2)
FN:75,(anonymous_3)
FN:112,(anonymous_4)
FN:142,(anonymous_5)
FN:147,(anonymous_6)
FN:184,(anonymous_7)
FN:200,(anonymous_8)
FN:205,(anonymous_9)
FN:250,(anonymous_10)
FN:280,(anonymous_11)
FN:285,(anonymous_12)
FN:320,(anonymous_13)
FN:334,(anonymous_14)
FN:339,(anonymous_15)
FN:376,(anonymous_16)
FN:406,(anonymous_17)
FN:411,(anonymous_18)
FN:461,(anonymous_19)
FN:472,(anonymous_20)
FN:473,(anonymous_21)
FN:480,(anonymous_22)
FN:481,(anonymous_23)
FN:488,(anonymous_24)
FN:501,(anonymous_25)
FN:523,(anonymous_26)
FN:554,(anonymous_27)
FN:571,(anonymous_28)
FN:576,(anonymous_29)
FN:618,(anonymous_30)
FN:628,(anonymous_31)
FN:629,(anonymous_32)
FN:637,(anonymous_33)
FN:640,(anonymous_34)
FN:654,(anonymous_35)
FN:655,(anonymous_36)
FN:656,(anonymous_37)
FN:657,(anonymous_38)
FN:658,(anonymous_39)
FN:664,(anonymous_40)
FN:665,(anonymous_41)
FN:670,(anonymous_42)
FN:671,(anonymous_43)
FN:687,(anonymous_44)
FN:706,(anonymous_45)
FN:727,(anonymous_46)
FN:743,(anonymous_47)
FN:749,(anonymous_48)
FN:754,(anonymous_49)
FN:759,(anonymous_50)
FN:764,(anonymous_51)
FNF:52
FNH:5
FNDA:0,createOrderError
FNDA:0,(anonymous_1)
FNDA:0,(anonymous_2)
FNDA:0,(anonymous_3)
FNDA:0,(anonymous_4)
FNDA:4,(anonymous_5)
FNDA:0,(anonymous_6)
FNDA:0,(anonymous_7)
FNDA:2,(anonymous_8)
FNDA:0,(anonymous_9)
FNDA:0,(anonymous_10)
FNDA:0,(anonymous_11)
FNDA:0,(anonymous_12)
FNDA:0,(anonymous_13)
FNDA:0,(anonymous_14)
FNDA:0,(anonymous_15)
FNDA:0,(anonymous_16)
FNDA:2,(anonymous_17)
FNDA:0,(anonymous_18)
FNDA:0,(anonymous_19)
FNDA:0,(anonymous_20)
FNDA:0,(anonymous_21)
FNDA:0,(anonymous_22)
FNDA:0,(anonymous_23)
FNDA:0,(anonymous_24)
FNDA:0,(anonymous_25)
FNDA:0,(anonymous_26)
FNDA:0,(anonymous_27)
FNDA:2,(anonymous_28)
FNDA:0,(anonymous_29)
FNDA:0,(anonymous_30)
FNDA:0,(anonymous_31)
FNDA:0,(anonymous_32)
FNDA:0,(anonymous_33)
FNDA:0,(anonymous_34)
FNDA:0,(anonymous_35)
FNDA:0,(anonymous_36)
FNDA:0,(anonymous_37)
FNDA:0,(anonymous_38)
FNDA:0,(anonymous_39)
FNDA:0,(anonymous_40)
FNDA:0,(anonymous_41)
FNDA:0,(anonymous_42)
FNDA:0,(anonymous_43)
FNDA:0,(anonymous_44)
FNDA:0,(anonymous_45)
FNDA:0,(anonymous_46)
FNDA:2,(anonymous_47)
FNDA:0,(anonymous_48)
FNDA:0,(anonymous_49)
FNDA:0,(anonymous_50)
FNDA:0,(anonymous_51)
DA:41,0
DA:51,1
DA:58,0
DA:59,0
DA:61,0
DA:69,1
DA:70,0
DA:71,0
DA:73,0
DA:76,0
DA:77,0
DA:78,0
DA:81,0
DA:82,0
DA:89,0
DA:90,0
DA:97,0
DA:114,0
DA:115,0
DA:117,0
DA:123,0
DA:124,0
DA:136,0
DA:142,1
DA:143,4
DA:145,4
DA:148,0
DA:149,0
DA:150,0
DA:153,0
DA:154,0
DA:161,0
DA:162,0
DA:169,0
DA:186,0
DA:187,0
DA:189,0
DA:194,4
DA:200,1
DA:201,2
DA:203,2
DA:206,0
DA:207,0
DA:208,0
DA:211,0
DA:212,0
DA:219,0
DA:220,0
DA:227,0
DA:228,0
DA:235,0
DA:252,0
DA:253,0
DA:255,0
DA:261,2
DA:262,0
DA:274,2
DA:280,1
DA:281,0
DA:283,0
DA:286,0
DA:287,0
DA:288,0
DA:291,0
DA:292,0
DA:299,0
DA:300,0
DA:306,0
DA:322,0
DA:323,0
DA:325,0
DA:334,1
DA:335,0
DA:337,0
DA:340,0
DA:341,0
DA:342,0
DA:345,0
DA:346,0
DA:353,0
DA:354,0
DA:361,0
DA:378,0
DA:379,0
DA:381,0
DA:387,0
DA:388,0
DA:400,0
DA:406,1
DA:407,2
DA:408,2
DA:410,2
DA:412,0
DA:413,0
DA:414,0
DA:415,0
DA:417,0
DA:420,0
DA:421,0
DA:428,0
DA:429,0
DA:436,0
DA:437,0
DA:444,0
DA:445,0
DA:452,0
DA:463,0
DA:464,0
DA:467,0
DA:468,0
DA:469,0
DA:472,0
DA:473,0
DA:474,0
DA:480,0
DA:481,0
DA:482,0
DA:488,0
DA:489,0
DA:492,0
DA:503,0
DA:512,0
DA:513,0
DA:515,0
DA:516,0
DA:518,0
DA:519,0
DA:524,0
DA:526,0
DA:532,0
DA:539,0
DA:542,0
DA:556,0
DA:559,0
DA:561,0
DA:571,1
DA:572,2
DA:573,2
DA:575,2
DA:577,0
DA:578,0
DA:579,0
DA:580,0
DA:582,0
DA:585,0
DA:586,0
DA:593,0
DA:594,0
DA:601,0
DA:602,0
DA:609,0
DA:620,0
DA:621,0
DA:624,0
DA:625,0
DA:628,0
DA:629,0
DA:630,0
DA:637,0
DA:638,0
DA:640,0
DA:641,0
DA:647,0
DA:648,0
DA:649,0
DA:650,0
DA:651,0
DA:652,0
DA:654,0
DA:655,0
DA:656,0
DA:657,0
DA:658,0
DA:660,0
DA:664,0
DA:665,0
DA:670,0
DA:671,0
DA:679,0
DA:689,0
DA:698,0
DA:699,0
DA:701,0
DA:702,0
DA:707,0
DA:708,0
DA:715,0
DA:729,0
DA:731,0
DA:733,0
DA:743,1
DA:744,2
DA:745,2
DA:748,2
DA:749,0
DA:753,2
DA:754,0
DA:758,2
DA:759,0
DA:763,2
DA:764,0
DA:768,2
LF:202
LH:29
BRDA:58,0,0,0
BRDA:58,0,1,0
BRDA:71,1,0,0
BRDA:71,1,1,0
BRDA:78,2,0,0
BRDA:78,2,1,0
BRDA:81,3,0,0
BRDA:81,3,1,0
BRDA:89,4,0,0
BRDA:89,4,1,0
BRDA:99,5,0,0
BRDA:99,5,1,0
BRDA:114,6,0,0
BRDA:114,6,1,0
BRDA:123,7,0,0
BRDA:123,7,1,0
BRDA:142,8,0,4
BRDA:150,9,0,0
BRDA:150,9,1,0
BRDA:153,10,0,0
BRDA:153,10,1,0
BRDA:161,11,0,0
BRDA:161,11,1,0
BRDA:171,12,0,0
BRDA:171,12,1,0
BRDA:186,13,0,0
BRDA:186,13,1,0
BRDA:208,14,0,0
BRDA:208,14,1,0
BRDA:211,15,0,0
BRDA:211,15,1,0
BRDA:219,16,0,0
BRDA:219,16,1,0
BRDA:227,17,0,0
BRDA:227,17,1,0
BRDA:237,18,0,0
BRDA:237,18,1,0
BRDA:252,19,0,0
BRDA:252,19,1,0
BRDA:261,20,0,0
BRDA:261,20,1,2
BRDA:291,21,0,0
BRDA:291,21,1,0
BRDA:299,22,0,0
BRDA:299,22,1,0
BRDA:308,23,0,0
BRDA:308,23,1,0
BRDA:322,24,0,0
BRDA:322,24,1,0
BRDA:342,25,0,0
BRDA:342,25,1,0
BRDA:345,26,0,0
BRDA:345,26,1,0
BRDA:353,27,0,0
BRDA:353,27,1,0
BRDA:363,28,0,0
BRDA:363,28,1,0
BRDA:378,29,0,0
BRDA:378,29,1,0
BRDA:387,30,0,0
BRDA:387,30,1,0
BRDA:414,31,0,0
BRDA:414,31,1,0
BRDA:414,32,0,0
BRDA:414,32,1,0
BRDA:417,33,0,0
BRDA:417,33,1,0
BRDA:420,34,0,0
BRDA:420,34,1,0
BRDA:428,35,0,0
BRDA:428,35,1,0
BRDA:436,36,0,0
BRDA:436,36,1,0
BRDA:444,37,0,0
BRDA:444,37,1,0
BRDA:454,38,0,0
BRDA:454,38,1,0
BRDA:474,39,0,0
BRDA:474,39,1,0
BRDA:482,40,0,0
BRDA:482,40,1,0
BRDA:489,41,0,0
BRDA:489,41,1,0
BRDA:512,42,0,0
BRDA:512,42,1,0
BRDA:515,43,0,0
BRDA:515,43,1,0
BRDA:518,44,0,0
BRDA:518,44,1,0
BRDA:524,45,0,0
BRDA:524,45,1,0
BRDA:524,46,0,0
BRDA:524,46,1,0
BRDA:556,47,0,0
BRDA:556,47,1,0
BRDA:556,48,0,0
BRDA:556,48,1,0
BRDA:556,48,2,0
BRDA:579,49,0,0
BRDA:579,49,1,0
BRDA:579,50,0,0
BRDA:579,50,1,0
BRDA:582,51,0,0
BRDA:582,51,1,0
BRDA:585,52,0,0
BRDA:585,52,1,0
BRDA:593,53,0,0
BRDA:593,53,1,0
BRDA:601,54,0,0
BRDA:601,54,1,0
BRDA:611,55,0,0
BRDA:611,55,1,0
BRDA:630,56,0,0
BRDA:630,56,1,0
BRDA:638,57,0,0
BRDA:638,57,1,0
BRDA:638,58,0,0
BRDA:638,58,1,0
BRDA:641,59,0,0
BRDA:641,59,1,0
BRDA:654,60,0,0
BRDA:654,60,1,0
BRDA:655,61,0,0
BRDA:655,61,1,0
BRDA:664,62,0,0
BRDA:664,62,1,0
BRDA:670,63,0,0
BRDA:670,63,1,0
BRDA:698,64,0,0
BRDA:698,64,1,0
BRDA:701,65,0,0
BRDA:701,65,1,0
BRDA:707,66,0,0
BRDA:707,66,1,0
BRDA:707,67,0,0
BRDA:707,67,1,0
BRDA:729,68,0,0
BRDA:729,68,1,0
BRDA:729,69,0,0
BRDA:729,69,1,0
BRDA:778,70,0,2
BRDA:778,70,1,2
BRF:142
BRH:4
end_of_record
TN:
SF:src/hooks/usePayment.ts
FN:49,(anonymous_0)
FN:62,(anonymous_1)
FN:70,(anonymous_2)
FN:87,(anonymous_3)
FN:101,(anonymous_4)
FN:108,(anonymous_5)
FN:129,(anonymous_6)
FN:146,(anonymous_7)
FN:159,(anonymous_8)
FN:177,(anonymous_9)
FN:182,(anonymous_10)
FN:187,(anonymous_11)
FN:213,(anonymous_12)
FN:221,(anonymous_13)
FN:226,(anonymous_14)
FN:234,(anonymous_15)
FN:249,(anonymous_16)
FN:268,(anonymous_17)
FN:281,(anonymous_18)
FN:286,(anonymous_19)
FN:297,(anonymous_20)
FN:316,(anonymous_21)
FN:321,(anonymous_22)
FN:329,(anonymous_23)
FN:343,(anonymous_24)
FN:343,(anonymous_25)
FN:349,(anonymous_26)
FN:369,(anonymous_27)
FN:382,(anonymous_28)
FN:387,(anonymous_29)
FN:401,(anonymous_30)
FN:426,(anonymous_31)
FN:427,(anonymous_32)
FN:433,(anonymous_33)
FN:437,(anonymous_34)
FN:443,(anonymous_35)
FN:450,(anonymous_36)
FN:451,(anonymous_37)
FNF:38
FNH:1
FNDA:0,(anonymous_0)
FNDA:0,(anonymous_1)
FNDA:3,(anonymous_2)
FNDA:0,(anonymous_3)
FNDA:0,(anonymous_4)
FNDA:0,(anonymous_5)
FNDA:0,(anonymous_6)
FNDA:0,(anonymous_7)
FNDA:0,(anonymous_8)
FNDA:0,(anonymous_9)
FNDA:0,(anonymous_10)
FNDA:0,(anonymous_11)
FNDA:0,(anonymous_12)
FNDA:0,(anonymous_13)
FNDA:0,(anonymous_14)
FNDA:0,(anonymous_15)
FNDA:0,(anonymous_16)
FNDA:0,(anonymous_17)
FNDA:0,(anonymous_18)
FNDA:0,(anonymous_19)
FNDA:0,(anonymous_20)
FNDA:0,(anonymous_21)
FNDA:0,(anonymous_22)
FNDA:0,(anonymous_23)
FNDA:0,(anonymous_24)
FNDA:0,(anonymous_25)
FNDA:0,(anonymous_26)
FNDA:0,(anonymous_27)
FNDA:0,(anonymous_28)
FNDA:0,(anonymous_29)
FNDA:0,(anonymous_30)
FNDA:0,(anonymous_31)
FNDA:0,(anonymous_32)
FNDA:0,(anonymous_33)
FNDA:0,(anonymous_34)
FNDA:0,(anonymous_35)
FNDA:0,(anonymous_36)
FNDA:0,(anonymous_37)
DA:49,1
DA:54,0
DA:62,1
DA:70,1
DA:71,3
DA:72,3
DA:75,3
DA:76,0
DA:82,0
DA:87,0
DA:92,3
DA:99,3
DA:101,0
DA:110,0
DA:112,0
DA:113,0
DA:115,0
DA:119,3
DA:129,1
DA:130,0
DA:131,0
DA:134,0
DA:135,0
DA:141,0
DA:146,0
DA:150,0
DA:157,0
DA:159,0
DA:167,0
DA:177,1
DA:178,0
DA:179,0
DA:181,0
DA:183,0
DA:188,0
DA:191,0
DA:195,0
DA:200,0
DA:201,0
DA:208,0
DA:214,0
DA:221,1
DA:222,0
DA:223,0
DA:225,0
DA:227,0
DA:236,0
DA:238,0
DA:242,0
DA:246,0
DA:250,0
DA:253,0
DA:258,0
DA:259,0
DA:264,0
DA:269,0
DA:272,0
DA:281,1
DA:282,0
DA:283,0
DA:285,0
DA:288,0
DA:298,0
DA:301,0
DA:306,0
DA:307,0
DA:316,1
DA:317,0
DA:318,0
DA:320,0
DA:323,0
DA:330,0
DA:332,0
DA:336,0
DA:341,0
DA:343,0
DA:346,0
DA:350,0
DA:353,0
DA:358,0
DA:359,0
DA:365,0
DA:370,0
DA:373,0
DA:382,1
DA:383,0
DA:384,0
DA:386,0
DA:389,0
DA:402,0
DA:405,0
DA:406,0
DA:407,0
DA:411,0
DA:412,0
DA:419,0
DA:426,1
DA:427,0
DA:428,0
DA:433,1
DA:434,0
DA:435,0
DA:437,0
DA:438,0
DA:441,0
DA:444,0
DA:448,0
DA:451,0
DA:452,0
DA:459,0
LF:110
LH:17
BRDA:75,0,0,0
BRDA:75,0,1,3
BRDA:95,1,0,0
BRDA:110,2,0,0
BRDA:110,2,1,0
BRDA:112,3,0,0
BRDA:112,3,1,0
BRDA:112,4,0,0
BRDA:112,4,1,0
BRDA:134,5,0,0
BRDA:134,5,1,0
BRDA:153,6,0,0
BRDA:188,7,0,0
BRDA:188,7,1,0
BRDA:228,8,0,0
BRDA:228,8,1,0
BRDA:229,9,0,0
BRDA:229,9,1,0
BRDA:230,10,0,0
BRDA:230,10,1,0
BRDA:231,11,0,0
BRDA:231,11,1,0
BRDA:236,12,0,0
BRDA:236,12,1,0
BRDA:250,13,0,0
BRDA:250,13,1,0
BRDA:269,14,0,0
BRDA:269,14,1,0
BRDA:269,15,0,0
BRDA:269,15,1,0
BRDA:292,16,0,0
BRDA:292,16,1,0
BRDA:298,17,0,0
BRDA:298,17,1,0
BRDA:306,18,0,0
BRDA:306,18,1,0
BRDA:330,19,0,0
BRDA:330,19,1,0
BRDA:343,20,0,0
BRDA:350,21,0,0
BRDA:350,21,1,0
BRDA:370,22,0,0
BRDA:370,22,1,0
BRDA:370,23,0,0
BRDA:370,23,1,0
BRDA:396,24,0,0
BRDA:396,24,1,0
BRDA:402,25,0,0
BRDA:402,25,1,0
BRDA:438,26,0,0
BRDA:438,26,1,0
BRDA:444,27,0,0
BRDA:444,27,1,0
BRDA:450,28,0,0
BRDA:452,29,0,0
BRDA:452,29,1,0
BRF:56
BRH:1
end_of_record
TN:
SF:src/hooks/usePickupRescheduling.ts
FN:32,createReschedulingError
FN:50,(anonymous_1)
FN:51,(anonymous_2)
FN:52,(anonymous_3)
FN:58,(anonymous_4)
FN:64,(anonymous_5)
FN:128,(anonymous_6)
FN:138,(anonymous_7)
FN:139,(anonymous_8)
FN:146,(anonymous_9)
FN:147,(anonymous_10)
FN:162,(anonymous_11)
FN:181,(anonymous_12)
FN:212,(anonymous_13)
FN:227,(anonymous_14)
FN:259,(anonymous_15)
FN:337,(anonymous_16)
FN:342,(anonymous_17)
FN:347,(anonymous_18)
FN:366,(anonymous_19)
FN:367,(anonymous_20)
FNF:21
FNH:1
FNDA:0,createReschedulingError
FNDA:0,(anonymous_1)
FNDA:0,(anonymous_2)
FNDA:0,(anonymous_3)
FNDA:3,(anonymous_4)
FNDA:0,(anonymous_5)
FNDA:0,(anonymous_6)
FNDA:0,(anonymous_7)
FNDA:0,(anonymous_8)
FNDA:0,(anonymous_9)
FNDA:0,(anonymous_10)
FNDA:0,(anonymous_11)
FNDA:0,(anonymous_12)
FNDA:0,(anonymous_13)
FNDA:0,(anonymous_14)
FNDA:0,(anonymous_15)
FNDA:0,(anonymous_16)
FNDA:0,(anonymous_17)
FNDA:0,(anonymous_18)
FNDA:0,(anonymous_19)
FNDA:0,(anonymous_20)
DA:38,0
DA:48,1
DA:50,0
DA:51,0
DA:52,0
DA:58,1
DA:59,3
DA:60,3
DA:63,3
DA:66,0
DA:67,0
DA:74,0
DA:75,0
DA:76,0
DA:79,0
DA:80,0
DA:87,0
DA:88,0
DA:95,0
DA:96,0
DA:103,0
DA:104,0
DA:111,0
DA:112,0
DA:119,0
DA:130,0
DA:131,0
DA:134,0
DA:135,0
DA:138,0
DA:139,0
DA:140,0
DA:146,0
DA:147,0
DA:148,0
DA:154,0
DA:164,0
DA:173,0
DA:174,0
DA:176,0
DA:177,0
DA:182,0
DA:183,0
DA:190,0
DA:197,0
DA:198,0
DA:206,0
DA:214,0
DA:218,0
DA:220,0
DA:227,3
DA:228,0
DA:230,0
DA:231,0
DA:238,0
DA:239,0
DA:246,0
DA:247,0
DA:249,0
DA:254,0
DA:259,3
DA:260,0
DA:262,0
DA:263,0
DA:270,0
DA:271,0
DA:278,0
DA:279,0
DA:287,0
DA:288,0
DA:290,0
DA:291,0
DA:298,0
DA:299,0
DA:307,0
DA:308,0
DA:309,0
DA:316,0
DA:322,0
DA:327,0
DA:336,3
DA:337,0
DA:341,3
DA:342,0
DA:346,3
DA:347,0
DA:351,3
DA:366,0
DA:367,0
LF:89
LH:11
BRDA:66,0,0,0
BRDA:66,0,1,0
BRDA:79,1,0,0
BRDA:79,1,1,0
BRDA:87,2,0,0
BRDA:87,2,1,0
BRDA:95,3,0,0
BRDA:95,3,1,0
BRDA:95,4,0,0
BRDA:95,4,1,0
BRDA:103,5,0,0
BRDA:103,5,1,0
BRDA:103,6,0,0
BRDA:103,6,1,0
BRDA:111,7,0,0
BRDA:111,7,1,0
BRDA:121,8,0,0
BRDA:121,8,1,0
BRDA:140,9,0,0
BRDA:140,9,1,0
BRDA:148,10,0,0
BRDA:148,10,1,0
BRDA:173,11,0,0
BRDA:173,11,1,0
BRDA:176,12,0,0
BRDA:176,12,1,0
BRDA:182,13,0,0
BRDA:182,13,1,0
BRDA:182,14,0,0
BRDA:182,14,1,0
BRDA:214,15,0,0
BRDA:214,15,1,0
BRDA:214,16,0,0
BRDA:214,16,1,0
BRDA:214,16,2,0
BRDA:214,16,3,0
BRDA:230,17,0,0
BRDA:230,17,1,0
BRDA:238,18,0,0
BRDA:238,18,1,0
BRDA:262,19,0,0
BRDA:262,19,1,0
BRDA:270,20,0,0
BRDA:270,20,1,0
BRDA:278,21,0,0
BRDA:278,21,1,0
BRDA:290,22,0,0
BRDA:290,22,1,0
BRDA:298,23,0,0
BRDA:298,23,1,0
BRDA:308,24,0,0
BRDA:308,24,1,0
BRF:52
BRH:0
end_of_record
TN:
SF:src/hooks/useProductAdmin.ts
FN:28,(anonymous_0)
FN:29,(anonymous_1)
FN:30,(anonymous_2)
FN:31,(anonymous_3)
FN:32,(anonymous_4)
FN:36,(anonymous_5)
FN:37,(anonymous_6)
FN:38,(anonymous_7)
FN:43,(anonymous_8)
FN:44,(anonymous_9)
FN:45,(anonymous_10)
FN:50,(anonymous_11)
FN:51,(anonymous_12)
FN:63,useAdminProducts
FN:66,(anonymous_14)
FN:69,(anonymous_15)
FN:81,useAdminProduct
FN:84,(anonymous_17)
FN:88,(anonymous_18)
FN:100,useAdminLowStockProducts
FN:105,(anonymous_20)
FN:108,(anonymous_21)
FN:120,useAdminOutOfStockProducts
FN:123,(anonymous_23)
FN:126,(anonymous_24)
FN:142,useAdminCategories
FN:145,(anonymous_26)
FN:148,(anonymous_27)
FN:164,useCreateProduct
FN:168,(anonymous_29)
FN:170,(anonymous_30)
FN:185,(anonymous_31)
FN:194,useUpdateProduct
FN:198,(anonymous_33)
FN:200,(anonymous_34)
FN:220,(anonymous_35)
FN:229,useDeleteProduct
FN:233,(anonymous_37)
FN:234,(anonymous_38)
FN:247,(anonymous_39)
FN:260,useBulkUpdateStock
FN:264,(anonymous_41)
FN:266,(anonymous_42)
FN:273,(anonymous_43)
FN:283,(anonymous_44)
FN:296,useAdminProductStats
FN:305,(anonymous_46)
FN:306,(anonymous_47)
FN:315,usePrefetchAdminProduct
FN:318,(anonymous_49)
FN:321,(anonymous_50)
FN:330,useToggleProductAvailability
FN:334,(anonymous_52)
FN:336,(anonymous_53)
FN:344,(anonymous_54)
FN:359,(anonymous_55)
FN:368,(anonymous_56)
FN:383,useAdminProductsWithFallback
FNF:58
FNH:0
FNDA:0,(anonymous_0)
FNDA:0,(anonymous_1)
FNDA:0,(anonymous_2)
FNDA:0,(anonymous_3)
FNDA:0,(anonymous_4)
FNDA:0,(anonymous_5)
FNDA:0,(anonymous_6)
FNDA:0,(anonymous_7)
FNDA:0,(anonymous_8)
FNDA:0,(anonymous_9)
FNDA:0,(anonymous_10)
FNDA:0,(anonymous_11)
FNDA:0,(anonymous_12)
FNDA:0,useAdminProducts
FNDA:0,(anonymous_14)
FNDA:0,(anonymous_15)
FNDA:0,useAdminProduct
FNDA:0,(anonymous_17)
FNDA:0,(anonymous_18)
FNDA:0,useAdminLowStockProducts
FNDA:0,(anonymous_20)
FNDA:0,(anonymous_21)
FNDA:0,useAdminOutOfStockProducts
FNDA:0,(anonymous_23)
FNDA:0,(anonymous_24)
FNDA:0,useAdminCategories
FNDA:0,(anonymous_26)
FNDA:0,(anonymous_27)
FNDA:0,useCreateProduct
FNDA:0,(anonymous_29)
FNDA:0,(anonymous_30)
FNDA:0,(anonymous_31)
FNDA:0,useUpdateProduct
FNDA:0,(anonymous_33)
FNDA:0,(anonymous_34)
FNDA:0,(anonymous_35)
FNDA:0,useDeleteProduct
FNDA:0,(anonymous_37)
FNDA:0,(anonymous_38)
FNDA:0,(anonymous_39)
FNDA:0,useBulkUpdateStock
FNDA:0,(anonymous_41)
FNDA:0,(anonymous_42)
FNDA:0,(anonymous_43)
FNDA:0,(anonymous_44)
FNDA:0,useAdminProductStats
FNDA:0,(anonymous_46)
FNDA:0,(anonymous_47)
FNDA:0,usePrefetchAdminProduct
FNDA:0,(anonymous_49)
FNDA:0,(anonymous_50)
FNDA:0,useToggleProductAvailability
FNDA:0,(anonymous_52)
FNDA:0,(anonymous_53)
FNDA:0,(anonymous_54)
FNDA:0,(anonymous_55)
FNDA:0,(anonymous_56)
FNDA:0,useAdminProductsWithFallback
DA:25,1
DA:28,0
DA:29,0
DA:30,0
DA:31,0
DA:32,0
DA:36,0
DA:37,0
DA:38,0
DA:43,0
DA:44,0
DA:45,0
DA:50,0
DA:51,0
DA:64,0
DA:66,0
DA:70,0
DA:71,0
DA:73,0
DA:82,0
DA:84,0
DA:89,0
DA:90,0
DA:92,0
DA:101,0
DA:103,0
DA:105,0
DA:109,0
DA:110,0
DA:112,0
DA:121,0
DA:123,0
DA:127,0
DA:128,0
DA:130,0
DA:143,0
DA:145,0
DA:149,0
DA:150,0
DA:152,0
DA:165,0
DA:167,0
DA:169,0
DA:171,0
DA:173,0
DA:174,0
DA:177,0
DA:178,0
DA:186,0
DA:195,0
DA:197,0
DA:199,0
DA:201,0
DA:203,0
DA:204,0
DA:207,0
DA:208,0
DA:212,0
DA:213,0
DA:221,0
DA:230,0
DA:232,0
DA:233,0
DA:235,0
DA:237,0
DA:238,0
DA:241,0
DA:244,0
DA:248,0
DA:261,0
DA:263,0
DA:265,0
DA:267,0
DA:269,0
DA:270,0
DA:273,0
DA:274,0
DA:280,0
DA:284,0
DA:297,0
DA:298,0
DA:299,0
DA:301,0
DA:305,0
DA:306,0
DA:316,0
DA:318,0
DA:319,0
DA:321,0
DA:331,0
DA:333,0
DA:335,0
DA:338,0
DA:341,0
DA:344,0
DA:345,0
DA:346,0
DA:354,0
DA:357,0
DA:361,0
DA:362,0
DA:370,0
DA:371,0
DA:384,0
DA:386,0
LF:105
LH:1
BRDA:44,0,0,0
BRDA:70,1,0,0
BRDA:70,1,1,0
BRDA:71,2,0,0
BRDA:71,2,1,0
BRDA:71,2,2,0
BRDA:73,3,0,0
BRDA:73,3,1,0
BRDA:89,4,0,0
BRDA:89,4,1,0
BRDA:90,5,0,0
BRDA:90,5,1,0
BRDA:90,5,2,0
BRDA:100,6,0,0
BRDA:101,7,0,0
BRDA:101,7,1,0
BRDA:109,8,0,0
BRDA:109,8,1,0
BRDA:110,9,0,0
BRDA:110,9,1,0
BRDA:110,9,2,0
BRDA:112,10,0,0
BRDA:112,10,1,0
BRDA:120,11,0,0
BRDA:127,12,0,0
BRDA:127,12,1,0
BRDA:128,13,0,0
BRDA:128,13,1,0
BRDA:128,13,2,0
BRDA:130,14,0,0
BRDA:130,14,1,0
BRDA:149,15,0,0
BRDA:149,15,1,0
BRDA:150,16,0,0
BRDA:150,16,1,0
BRDA:150,16,2,0
BRDA:152,17,0,0
BRDA:152,17,1,0
BRDA:171,18,0,0
BRDA:171,18,1,0
BRDA:177,19,0,0
BRDA:177,19,1,0
BRDA:201,20,0,0
BRDA:201,20,1,0
BRDA:207,21,0,0
BRDA:207,21,1,0
BRDA:212,22,0,0
BRDA:212,22,1,0
BRDA:235,23,0,0
BRDA:235,23,1,0
BRDA:267,24,0,0
BRDA:267,24,1,0
BRDA:267,25,0,0
BRDA:267,25,1,0
BRDA:302,26,0,0
BRDA:302,26,1,0
BRDA:303,27,0,0
BRDA:303,27,1,0
BRDA:304,28,0,0
BRDA:304,28,1,0
BRDA:305,29,0,0
BRDA:305,29,1,0
BRDA:306,30,0,0
BRDA:306,30,1,0
BRDA:307,31,0,0
BRDA:307,31,1,0
BRDA:307,31,2,0
BRDA:308,32,0,0
BRDA:308,32,1,0
BRDA:308,32,2,0
BRDA:345,33,0,0
BRDA:345,33,1,0
BRDA:345,34,0,0
BRDA:345,34,1,0
BRDA:361,35,0,0
BRDA:361,35,1,0
BRDA:388,36,0,0
BRDA:388,36,1,0
BRDA:392,37,0,0
BRDA:392,37,1,0
BRDA:393,38,0,0
BRDA:393,38,1,0
BRDA:394,39,0,0
BRDA:394,39,1,0
BRF:84
BRH:0
end_of_record
TN:
SF:src/hooks/useProducts.ts
FN:39,(anonymous_0)
FN:65,(anonymous_1)
FN:74,(anonymous_2)
FN:95,(anonymous_3)
FN:123,(anonymous_4)
FN:132,(anonymous_5)
FN:137,(anonymous_6)
FN:150,(anonymous_7)
FN:163,(anonymous_8)
FN:176,(anonymous_9)
FN:187,(anonymous_10)
FN:194,(anonymous_11)
FN:208,(anonymous_12)
FN:209,(anonymous_13)
FN:213,(anonymous_14)
FN:235,(anonymous_15)
FN:240,(anonymous_16)
FN:272,(anonymous_17)
FN:281,(anonymous_18)
FN:302,(anonymous_19)
FN:307,(anonymous_20)
FN:339,(anonymous_21)
FN:348,(anonymous_22)
FN:369,(anonymous_23)
FN:391,(anonymous_24)
FN:397,(anonymous_25)
FN:427,(anonymous_26)
FN:436,(anonymous_27)
FN:441,(anonymous_28)
FN:448,(anonymous_29)
FN:477,(anonymous_30)
FN:486,(anonymous_31)
FN:491,(anonymous_32)
FN:504,(anonymous_33)
FN:517,(anonymous_34)
FN:530,(anonymous_35)
FN:541,(anonymous_36)
FN:548,(anonymous_37)
FN:562,(anonymous_38)
FN:563,(anonymous_39)
FN:567,(anonymous_40)
FN:589,(anonymous_41)
FN:594,(anonymous_42)
FN:634,(anonymous_43)
FN:643,(anonymous_44)
FNF:45
FNH:4
FNDA:0,(anonymous_0)
FNDA:7,(anonymous_1)
FNDA:0,(anonymous_2)
FNDA:0,(anonymous_3)
FNDA:0,(anonymous_4)
FNDA:0,(anonymous_5)
FNDA:0,(anonymous_6)
FNDA:0,(anonymous_7)
FNDA:0,(anonymous_8)
FNDA:0,(anonymous_9)
FNDA:0,(anonymous_10)
FNDA:0,(anonymous_11)
FNDA:0,(anonymous_12)
FNDA:0,(anonymous_13)
FNDA:0,(anonymous_14)
FNDA:2,(anonymous_15)
FNDA:0,(anonymous_16)
FNDA:0,(anonymous_17)
FNDA:0,(anonymous_18)
FNDA:2,(anonymous_19)
FNDA:0,(anonymous_20)
FNDA:0,(anonymous_21)
FNDA:0,(anonymous_22)
FNDA:0,(anonymous_23)
FNDA:0,(anonymous_24)
FNDA:0,(anonymous_25)
FNDA:0,(anonymous_26)
FNDA:0,(anonymous_27)
FNDA:0,(anonymous_28)
FNDA:0,(anonymous_29)
FNDA:0,(anonymous_30)
FNDA:0,(anonymous_31)
FNDA:0,(anonymous_32)
FNDA:0,(anonymous_33)
FNDA:0,(anonymous_34)
FNDA:0,(anonymous_35)
FNDA:0,(anonymous_36)
FNDA:0,(anonymous_37)
FNDA:0,(anonymous_38)
FNDA:0,(anonymous_39)
FNDA:0,(anonymous_40)
FNDA:2,(anonymous_41)
FNDA:0,(anonymous_42)
FNDA:0,(anonymous_43)
FNDA:0,(anonymous_44)
DA:39,2
DA:44,0
DA:65,2
DA:66,7
DA:67,7
DA:69,7
DA:72,7
DA:75,0
DA:76,0
DA:77,0
DA:78,0
DA:84,0
DA:85,0
DA:92,0
DA:93,0
DA:95,0
DA:103,0
DA:105,0
DA:106,0
DA:107,0
DA:109,0
DA:125,0
DA:127,0
DA:128,0
DA:130,0
DA:132,0
DA:136,7
DA:138,0
DA:139,0
DA:140,0
DA:141,0
DA:143,0
DA:152,0
DA:155,0
DA:157,0
DA:165,0
DA:166,0
DA:170,0
DA:178,0
DA:181,0
DA:188,0
DA:194,7
DA:197,7
DA:198,0
DA:208,0
DA:209,0
DA:213,0
DA:217,7
DA:235,2
DA:236,2
DA:238,2
DA:241,0
DA:242,0
DA:243,0
DA:244,0
DA:251,0
DA:253,0
DA:254,0
DA:256,0
DA:274,0
DA:276,0
DA:277,0
DA:279,0
DA:281,0
DA:285,2
DA:286,0
DA:298,2
DA:302,2
DA:303,2
DA:305,2
DA:308,0
DA:309,0
DA:310,0
DA:311,0
DA:318,0
DA:320,0
DA:321,0
DA:323,0
DA:341,0
DA:343,0
DA:344,0
DA:346,0
DA:348,0
DA:352,2
DA:353,0
DA:365,2
DA:369,2
DA:370,0
DA:373,0
DA:374,0
DA:380,0
DA:391,0
DA:395,0
DA:398,0
DA:399,0
DA:400,0
DA:401,0
DA:408,0
DA:410,0
DA:411,0
DA:413,0
DA:429,0
DA:431,0
DA:432,0
DA:434,0
DA:436,0
DA:441,2
DA:442,0
DA:443,0
DA:446,0
DA:449,0
DA:450,0
DA:451,0
DA:452,0
DA:458,0
DA:460,0
DA:461,0
DA:463,0
DA:479,0
DA:481,0
DA:482,0
DA:484,0
DA:486,0
DA:490,0
DA:492,0
DA:493,0
DA:494,0
DA:495,0
DA:497,0
DA:506,0
DA:509,0
DA:511,0
DA:519,0
DA:520,0
DA:524,0
DA:532,0
DA:535,0
DA:542,0
DA:548,0
DA:551,0
DA:552,0
DA:562,0
DA:563,0
DA:567,0
DA:571,0
DA:589,2
DA:590,2
DA:592,2
DA:595,0
DA:596,0
DA:597,0
DA:604,0
DA:605,0
DA:606,0
DA:613,0
DA:615,0
DA:616,0
DA:618,0
DA:636,0
DA:638,0
DA:639,0
DA:641,0
DA:643,0
DA:647,2
DA:648,0
DA:660,2
LF:166
LH:27
BRDA:84,0,0,0
BRDA:84,0,1,0
BRDA:87,1,0,0
BRDA:87,1,1,0
BRDA:92,2,0,0
BRDA:92,2,1,0
BRDA:96,3,0,0
BRDA:96,3,1,0
BRDA:106,4,0,0
BRDA:106,4,1,0
BRDA:111,5,0,0
BRDA:111,5,1,0
BRDA:125,6,0,0
BRDA:125,6,1,0
BRDA:127,7,0,0
BRDA:127,7,1,0
BRDA:127,8,0,0
BRDA:127,8,1,0
BRDA:140,9,0,0
BRDA:140,9,1,0
BRDA:145,10,0,0
BRDA:145,10,1,0
BRDA:165,11,0,0
BRDA:165,11,1,0
BRDA:197,12,0,0
BRDA:197,12,1,7
BRDA:243,13,0,0
BRDA:243,13,1,0
BRDA:246,14,0,0
BRDA:246,14,1,0
BRDA:251,15,0,0
BRDA:251,15,1,0
BRDA:253,16,0,0
BRDA:253,16,1,0
BRDA:258,17,0,0
BRDA:258,17,1,0
BRDA:265,18,0,2
BRDA:265,18,1,2
BRDA:274,19,0,0
BRDA:274,19,1,0
BRDA:276,20,0,0
BRDA:276,20,1,0
BRDA:285,21,0,0
BRDA:285,21,1,2
BRDA:310,22,0,0
BRDA:310,22,1,0
BRDA:313,23,0,0
BRDA:313,23,1,0
BRDA:318,24,0,0
BRDA:318,24,1,0
BRDA:320,25,0,0
BRDA:320,25,1,0
BRDA:325,26,0,0
BRDA:325,26,1,0
BRDA:332,27,0,2
BRDA:332,27,1,2
BRDA:332,27,2,2
BRDA:341,28,0,0
BRDA:341,28,1,0
BRDA:343,29,0,0
BRDA:343,29,1,0
BRDA:352,30,0,0
BRDA:352,30,1,2
BRDA:373,31,0,0
BRDA:373,31,1,0
BRDA:400,32,0,0
BRDA:400,32,1,0
BRDA:403,33,0,0
BRDA:403,33,1,0
BRDA:408,34,0,0
BRDA:408,34,1,0
BRDA:410,35,0,0
BRDA:410,35,1,0
BRDA:415,36,0,0
BRDA:415,36,1,0
BRDA:421,37,0,0
BRDA:421,37,1,0
BRDA:429,38,0,0
BRDA:429,38,1,0
BRDA:431,39,0,0
BRDA:431,39,1,0
BRDA:451,40,0,0
BRDA:451,40,1,0
BRDA:454,41,0,0
BRDA:454,41,1,0
BRDA:458,42,0,0
BRDA:458,42,1,0
BRDA:460,43,0,0
BRDA:460,43,1,0
BRDA:465,44,0,0
BRDA:465,44,1,0
BRDA:479,45,0,0
BRDA:479,45,1,0
BRDA:481,46,0,0
BRDA:481,46,1,0
BRDA:481,47,0,0
BRDA:481,47,1,0
BRDA:494,48,0,0
BRDA:494,48,1,0
BRDA:499,49,0,0
BRDA:499,49,1,0
BRDA:519,50,0,0
BRDA:519,50,1,0
BRDA:551,51,0,0
BRDA:551,51,1,0
BRDA:596,52,0,0
BRDA:596,52,1,0
BRDA:601,53,0,0
BRDA:601,53,1,0
BRDA:605,54,0,0
BRDA:605,54,1,0
BRDA:608,55,0,0
BRDA:608,55,1,0
BRDA:613,56,0,0
BRDA:613,56,1,0
BRDA:615,57,0,0
BRDA:615,57,1,0
BRDA:620,58,0,0
BRDA:620,58,1,0
BRDA:622,59,0,0
BRDA:622,59,1,0
BRDA:627,60,0,2
BRDA:627,60,1,2
BRDA:636,61,0,0
BRDA:636,61,1,0
BRDA:638,62,0,0
BRDA:638,62,1,0
BRDA:638,63,0,0
BRDA:638,63,1,0
BRDA:647,64,0,0
BRDA:647,64,1,2
BRF:131
BRH:11
end_of_record
TN:
SF:src/hooks/useRealtime.ts
FN:41,(anonymous_0)
FN:74,(anonymous_1)
FN:100,(anonymous_2)
FN:123,(anonymous_3)
FN:132,(anonymous_4)
FN:143,(anonymous_5)
FN:149,(anonymous_6)
FN:153,(anonymous_7)
FN:167,(anonymous_8)
FN:172,(anonymous_9)
FN:190,(anonymous_10)
FN:210,(anonymous_11)
FN:223,(anonymous_12)
[...]
DA:484,0
DA:488,0
DA:492,0
DA:496,0
DA:500,0
DA:504,0
DA:508,0
DA:512,0
DA:514,0
DA:519,0
DA:523,0
DA:527,0
DA:531,0
DA:535,0
DA:539,0
DA:543,0
DA:547,0
DA:551,0
DA:554,0
DA:558,0
DA:562,0
DA:566,0
DA:570,0
DA:574,0
DA:577,0
DA:580,0
DA:583,0
DA:586,0
DA:589,0
DA:592,0
DA:595,0
DA:598,0
DA:601,0
DA:604,0
DA:607,0
DA:611,0
DA:614,0
DA:617,0
DA:620,0
DA:625,0
DA:627,0
DA:632,0
DA:635,0
DA:639,0
DA:643,0
DA:647,0
DA:651,0
DA:654,0
DA:658,0
DA:660,0
DA:665,0
DA:668,0
DA:672,0
DA:676,0
DA:680,0
DA:684,0
DA:688,0
DA:690,0
DA:695,0
DA:698,0
DA:702,0
DA:706,0
DA:709,0
DA:713,0
DA:717,0
DA:719,0
DA:727,0
DA:731,0
DA:735,0
DA:739,0
DA:743,0
DA:747,0
DA:751,0
DA:752,0
DA:757,0
DA:762,0
DA:763,0
DA:765,0
DA:766,0
DA:767,0
DA:768,0
DA:769,0
DA:771,0
DA:772,0
DA:775,0
DA:776,0
DA:777,0
DA:778,0
DA:779,0
DA:780,0
DA:782,0
DA:788,0
DA:789,0
DA:791,0
DA:793,0
LF:238
LH:0
BRDA:24,0,0,0
BRDA:24,0,1,0
BRDA:24,1,0,0
BRDA:24,1,1,0
BRDA:29,2,0,0
BRDA:29,2,1,0
BRDA:29,3,0,0
BRDA:29,3,1,0
BRDA:29,3,2,0
BRDA:74,4,0,0
BRDA:74,4,1,0
BRDA:84,5,0,0
BRDA:85,6,0,0
BRDA:85,6,1,0
BRDA:405,7,0,0
BRDA:574,8,0,0
BRDA:574,8,1,0
BRDA:574,9,0,0
BRDA:574,9,1,0
BRDA:577,10,0,0
BRDA:577,10,1,0
BRDA:577,11,0,0
BRDA:577,11,1,0
BRDA:580,12,0,0
BRDA:580,12,1,0
BRDA:580,13,0,0
BRDA:580,13,1,0
BRDA:759,14,0,0
BRDA:759,14,1,0
BRDA:759,15,0,0
BRDA:759,15,1,0
BRDA:762,16,0,0
BRDA:762,16,1,0
BRDA:762,17,0,0
BRDA:762,17,1,0
BRDA:775,18,0,0
BRDA:775,18,1,0
BRF:37
BRH:0
end_of_record
TN:
SF:src/utils/realtimeDiagnostic.ts
FN:10,(anonymous_0)
FN:43,(anonymous_1)
FN:68,(anonymous_2)
FNF:3
FNH:0
FNDA:0,(anonymous_0)
FNDA:0,(anonymous_1)
FNDA:0,(anonymous_2)
DA:11,0
DA:13,0
DA:15,0
DA:16,0
DA:17,0
DA:18,0
DA:20,0
DA:24,0
DA:25,0
DA:26,0
DA:27,0
DA:29,0
DA:33,0
DA:34,0
DA:35,0
DA:37,0
DA:38,0
DA:39,0
DA:40,0
DA:43,0
DA:44,0
DA:45,0
DA:50,0
DA:51,0
DA:52,0
DA:56,0
DA:58,0
DA:61,0
DA:64,0
DA:69,0
DA:70,0
DA:71,0
LF:32
LH:0
BRDA:17,0,0,0
BRDA:17,0,1,0
BRDA:20,1,0,0
BRDA:20,1,1,0
BRDA:37,2,0,0
BRDA:37,2,1,0
BRF:6
BRH:0
end_of_record
TN:
SF:src/utils/resilientProcessing.ts
FN:41,(anonymous_0)
FN:129,(anonymous_1)
FN:135,(anonymous_2)
FN:160,(anonymous_3)
FN:166,(anonymous_4)
FN:191,(anonymous_5)
FN:197,(anonymous_6)
FN:227,(anonymous_7)
FN:244,(anonymous_8)
FN:255,(anonymous_9)
FN:262,(anonymous_10)
FN:269,(anonymous_11)
FNF:12
FNH:0
FNDA:0,(anonymous_0)
FNDA:0,(anonymous_1)
FNDA:0,(anonymous_2)
FNDA:0,(anonymous_3)
FNDA:0,(anonymous_4)
FNDA:0,(anonymous_5)
FNDA:0,(anonymous_6)
FNDA:0,(anonymous_7)
FNDA:0,(anonymous_8)
FNDA:0,(anonymous_9)
FNDA:0,(anonymous_10)
FNDA:0,(anonymous_11)
DA:46,0
DA:47,0
DA:48,0
DA:50,0
DA:51,0
DA:53,0
DA:54,0
DA:56,0
DA:58,0
DA:59,0
DA:60,0
DA:63,0
DA:64,0
DA:67,0
DA:74,0
DA:81,0
DA:82,0
DA:84,0
DA:85,0
DA:90,0
DA:91,0
DA:93,0
DA:94,0
DA:99,0
DA:103,0
DA:111,0
DA:117,0
DA:133,0
DA:137,0
DA:139,0
DA:140,0
DA:143,0
DA:164,0
DA:167,0
DA:170,0
DA:171,0
DA:174,0
DA:195,0
DA:199,0
DA:200,0
DA:203,0
DA:204,0
DA:207,0
DA:209,0
DA:228,0
DA:230,0
DA:231,0
DA:234,0
DA:235,0
DA:238,0
DA:245,0
DA:246,0
DA:249,0
DA:250,0
DA:254,0
DA:255,0
DA:256,0
DA:257,0
DA:261,0
DA:262,0
DA:264,0
DA:265,0
DA:269,0
DA:270,0
DA:273,0
LF:65
LH:0
BRDA:64,0,0,0
BRDA:64,0,1,0
BRDA:81,1,0,0
BRDA:81,1,1,0
BRDA:84,2,0,0
BRDA:84,2,1,0
BRDA:90,3,0,0
BRDA:90,3,1,0
BRDA:90,4,0,0
BRDA:90,4,1,0
BRDA:93,5,0,0
BRDA:93,5,1,0
BRDA:139,6,0,0
BRDA:139,6,1,0
BRDA:170,7,0,0
BRDA:170,7,1,0
BRDA:170,8,0,0
BRDA:170,8,1,0
BRDA:199,9,0,0
BRDA:199,9,1,0
BRDA:203,10,0,0
BRDA:203,10,1,0
BRDA:203,11,0,0
BRDA:203,11,1,0
BRDA:230,12,0,0
BRDA:230,12,1,0
BRDA:234,13,0,0
BRDA:234,13,1,0
BRDA:249,14,0,0
BRDA:249,14,1,0
BRDA:257,15,0,0
BRDA:257,15,1,0
BRDA:264,16,0,0
BRDA:264,16,1,0
BRDA:264,17,0,0
BRDA:264,17,1,0
BRDA:269,18,0,0
BRDA:269,18,1,0
BRF:38
BRH:0
end_of_record
TN:
SF:src/utils/schemaIntrospection.ts
FN:11,(anonymous_0)
FN:23,(anonymous_1)
FN:29,(anonymous_2)
FN:48,(anonymous_3)
FN:60,(anonymous_4)
FN:66,(anonymous_5)
FN:86,(anonymous_6)
FNF:7
FNH:0
FNDA:0,(anonymous_0)
FNDA:0,(anonymous_1)
FNDA:0,(anonymous_2)
FNDA:0,(anonymous_3)
FNDA:0,(anonymous_4)
FNDA:0,(anonymous_5)
FNDA:0,(anonymous_6)
DA:7,0
DA:12,0
DA:18,0
DA:19,0
DA:20,0
DA:23,0
DA:30,0
DA:37,0
DA:38,0
DA:39,0
DA:42,0
DA:49,0
DA:55,0
DA:56,0
DA:57,0
DA:60,0
DA:67,0
DA:68,0
DA:70,0
DA:71,0
DA:74,0
DA:76,0
DA:87,0
DA:89,0
DA:90,0
LF:25
LH:0
BRDA:18,0,0,0
BRDA:18,0,1,0
BRDA:23,1,0,0
BRDA:23,1,1,0
BRDA:37,2,0,0
BRDA:37,2,1,0
BRDA:42,3,0,0
BRDA:42,3,1,0
BRDA:55,4,0,0
BRDA:55,4,1,0
BRDA:60,5,0,0
BRDA:60,5,1,0
BRF:12
BRH:0
end_of_record
TN:
SF:src/utils/serviceResponse.ts
FN:120,(anonymous_0)
FN:168,(anonymous_1)
FN:199,(anonymous_2)
FN:242,(anonymous_3)
FN:243,(anonymous_4)
FN:244,(anonymous_5)
FN:258,(anonymous_6)
FN:265,(anonymous_7)
FN:272,(anonymous_8)
FN:282,(anonymous_9)
FN:289,(anonymous_10)
FN:299,(anonymous_11)
FN:310,(anonymous_12)
FN:319,(anonymous_13)
FN:341,(anonymous_14)
FN:351,(anonymous_15)
FN:361,(anonymous_16)
FNF:17
FNH:0
FNDA:0,(anonymous_0)
FNDA:0,(anonymous_1)
FNDA:0,(anonymous_2)
FNDA:0,(anonymous_3)
FNDA:0,(anonymous_4)
FNDA:0,(anonymous_5)
FNDA:0,(anonymous_6)
FNDA:0,(anonymous_7)
FNDA:0,(anonymous_8)
FNDA:0,(anonymous_9)
FNDA:0,(anonymous_10)
FNDA:0,(anonymous_11)
FNDA:0,(anonymous_12)
FNDA:0,(anonymous_13)
FNDA:0,(anonymous_14)
FNDA:0,(anonymous_15)
FNDA:0,(anonymous_16)
DA:65,0
DA:129,0
DA:131,0
DA:133,0
DA:141,0
DA:143,0
DA:144,0
DA:150,0
DA:153,0
DA:161,0
DA:173,0
DA:174,0
DA:176,0
DA:178,0
DA:191,0
DA:192,0
DA:204,0
DA:208,0
DA:209,0
DA:210,0
DA:211,0
DA:212,0
DA:213,0
DA:214,0
DA:215,0
DA:216,0
DA:217,0
DA:219,0
DA:222,0
DA:232,0
DA:243,0
DA:244,0
DA:245,0
DA:254,0
DA:259,0
DA:266,0
DA:273,0
DA:274,0
DA:276,0
DA:283,0
DA:290,0
DA:291,0
DA:293,0
DA:300,0
DA:301,0
DA:303,0
DA:310,0
DA:319,0
DA:324,0
DA:328,0
DA:329,0
DA:330,0
DA:337,0
DA:342,0
DA:343,0
DA:345,0
DA:352,0
DA:353,0
DA:355,0
DA:362,0
DA:363,0
DA:365,0
LF:62
LH:0
BRDA:133,0,0,0
BRDA:133,0,1,0
BRDA:143,1,0,0
BRDA:143,1,1,0
BRDA:154,2,0,0
BRDA:154,2,1,0
BRDA:155,3,0,0
BRDA:155,3,1,0
BRDA:204,4,0,0
BRDA:204,4,1,0
BRDA:208,5,0,0
BRDA:208,5,1,0
BRDA:208,6,0,0
BRDA:208,6,1,0
BRDA:210,7,0,0
BRDA:210,7,1,0
BRDA:210,8,0,0
BRDA:210,8,1,0
BRDA:212,9,0,0
BRDA:212,9,1,0
BRDA:212,10,0,0
BRDA:212,10,1,0
BRDA:214,11,0,0
BRDA:214,11,1,0
BRDA:214,12,0,0
BRDA:214,12,1,0
BRDA:216,13,0,0
BRDA:216,13,1,0
BRDA:216,14,0,0
BRDA:216,14,1,0
BRDA:226,15,0,0
BRDA:226,15,1,0
BRDA:273,16,0,0
BRDA:273,16,1,0
BRDA:283,17,0,0
BRDA:283,17,1,0
BRDA:290,18,0,0
BRDA:290,18,1,0
BRDA:300,19,0,0
BRDA:300,19,1,0
BRDA:313,20,0,0
BRDA:313,20,1,0
BRDA:328,21,0,0
BRDA:328,21,1,0
BRDA:329,22,0,0
BRDA:329,22,1,0
BRDA:342,23,0,0
BRDA:342,23,1,0
BRDA:352,24,0,0
BRDA:352,24,1,0
BRDA:362,25,0,0
BRDA:362,25,1,0
BRDA:362,26,0,0
BRDA:362,26,1,0
BRDA:367,27,0,0
BRDA:367,27,1,0
BRF:56
BRH:0
end_of_record
TN:
SF:src/utils/stockDisplay.ts
FN:17,(anonymous_0)
FN:27,(anonymous_1)
FN:43,(anonymous_2)
FN:51,(anonymous_3)
FN:65,(anonymous_4)
FNF:5
FNH:0
FNDA:0,(anonymous_0)
FNDA:0,(anonymous_1)
FNDA:0,(anonymous_2)
FNDA:0,(anonymous_3)
FNDA:0,(anonymous_4)
DA:17,0
DA:22,0
DA:23,0
DA:24,0
DA:27,0
DA:28,0
DA:30,0
DA:31,0
DA:32,0
DA:33,0
DA:34,0
DA:35,0
DA:39,0
DA:43,0
DA:44,0
DA:45,0
DA:46,0
DA:47,0
DA:51,0
DA:52,0
DA:54,0
DA:55,0
DA:56,0
DA:58,0
DA:62,0
DA:65,0
DA:66,0
DA:67,0
DA:68,0
DA:71,0
DA:85,0
LF:31
LH:0
BRDA:19,0,0,0
BRDA:20,1,0,0
BRDA:22,2,0,0
BRDA:22,2,1,0
BRDA:28,3,0,0
BRDA:28,3,1,0
BRDA:30,4,0,0
BRDA:30,4,1,0
BRDA:31,5,0,0
BRDA:31,5,1,0
BRDA:32,6,0,0
BRDA:32,6,1,0
BRDA:34,7,0,0
BRDA:34,7,1,0
BRDA:35,8,0,0
BRDA:35,8,1,0
BRDA:44,9,0,0
BRDA:44,9,1,0
BRDA:45,10,0,0
BRDA:45,10,1,0
BRDA:46,11,0,0
BRDA:46,11,1,0
BRDA:52,12,0,0
BRDA:52,12,1,0
BRDA:55,13,0,0
BRDA:55,13,1,0
BRDA:66,14,0,0
BRDA:66,14,1,0
BRDA:67,15,0,0
BRDA:67,15,1,0
BRF:30
BRH:0
end_of_record
TN:
SF:src/utils/theme.ts
FNF:0
FNH:0
DA:2,0
DA:149,0
DA:176,0
DA:186,0
DA:195,0
LF:5
LH:0
BRF:0
BRH:0
end_of_record
TN:
SF:src/utils/typeMappers.ts
FN:11,mapProductFromDB
FN:58,mapOrderFromDB
FN:114,mapOrderItemFromDB
FN:128,getProductStock
FN:135,getProductCategoryId
FN:142,getProductImageUrl
FN:149,isProductPreOrder
FN:156,getProductMinPreOrderQty
FN:163,getProductMaxPreOrderQty
FN:170,getOrderTotal
FN:177,getOrderCustomerId
FN:184,getOrderCustomerInfo
FN:199,getOrderItems
FN:206,getOrderFulfillmentType
FN:213,getOrderPickupDate
FN:220,getOrderPickupTime
FN:227,getOrderPaymentMethod
FN:234,getOrderCreatedAt
FN:241,getOrderDeliveryAddress
FNF:19
FNH:0
FNDA:0,mapProductFromDB
FNDA:0,mapOrderFromDB
FNDA:0,mapOrderItemFromDB
FNDA:0,getProductStock
FNDA:0,getProductCategoryId
FNDA:0,getProductImageUrl
FNDA:0,isProductPreOrder
FNDA:0,getProductMinPreOrderQty
FNDA:0,getProductMaxPreOrderQty
FNDA:0,getOrderTotal
FNDA:0,getOrderCustomerId
FNDA:0,getOrderCustomerInfo
FNDA:0,getOrderItems
FNDA:0,getOrderFulfillmentType
FNDA:0,getOrderPickupDate
FNDA:0,getOrderPickupTime
FNDA:0,getOrderPaymentMethod
FNDA:0,getOrderCreatedAt
FNDA:0,getOrderDeliveryAddress
DA:12,0
DA:62,0
DA:69,0
DA:115,0
DA:129,0
DA:136,0
DA:143,0
DA:150,0
DA:157,0
DA:164,0
DA:171,0
DA:178,0
DA:185,0
DA:186,0
DA:188,0
DA:200,0
DA:207,0
DA:214,0
DA:221,0
DA:228,0
DA:235,0
DA:242,0
LF:22
LH:0
BRDA:38,0,0,0
BRDA:38,0,1,0
BRDA:40,1,0,0
BRDA:40,1,1,0
BRDA:41,2,0,0
BRDA:41,2,1,0
BRDA:42,3,0,0
BRDA:42,3,1,0
BRDA:43,4,0,0
BRDA:43,4,1,0
BRDA:45,5,0,0
BRDA:45,5,1,0
BRDA:46,6,0,0
BRDA:46,6,1,0
BRDA:47,7,0,0
BRDA:47,7,1,0
BRDA:48,8,0,0
BRDA:48,8,1,0
BRDA:49,9,0,0
BRDA:49,9,1,0
BRDA:50,10,0,0
BRDA:50,10,1,0
BRDA:51,11,0,0
BRDA:51,11,1,0
BRDA:66,12,0,0
BRDA:66,12,1,0
BRDA:94,13,0,0
BRDA:94,13,1,0
BRDA:96,14,0,0
BRDA:96,14,1,0
BRDA:102,15,0,0
BRDA:102,15,1,0
BRDA:103,16,0,0
BRDA:103,16,1,0
BRDA:104,17,0,0
BRDA:104,17,1,0
BRDA:105,18,0,0
BRDA:105,18,1,0
BRDA:106,19,0,0
BRDA:106,19,1,0
BRDA:107,20,0,0
BRDA:107,20,1,0
BRDA:121,21,0,0
BRDA:121,21,1,0
BRDA:129,22,0,0
BRDA:129,22,1,0
BRDA:129,22,2,0
BRDA:136,23,0,0
BRDA:136,23,1,0
BRDA:136,23,2,0
BRDA:143,24,0,0
BRDA:143,24,1,0
BRDA:143,24,2,0
BRDA:150,25,0,0
BRDA:150,25,1,0
BRDA:150,25,2,0
BRDA:157,26,0,0
BRDA:157,26,1,0
BRDA:157,26,2,0
BRDA:164,27,0,0
BRDA:164,27,1,0
BRDA:164,27,2,0
BRDA:171,28,0,0
BRDA:171,28,1,0
BRDA:171,28,2,0
BRDA:178,29,0,0
BRDA:178,29,1,0
BRDA:178,29,2,0
BRDA:185,30,0,0
BRDA:185,30,1,0
BRDA:192,31,0,0
BRDA:192,31,1,0
BRDA:200,32,0,0
BRDA:200,32,1,0
BRDA:200,32,2,0
BRDA:207,33,0,0
BRDA:207,33,1,0
BRDA:207,33,2,0
BRDA:214,34,0,0
BRDA:214,34,1,0
BRDA:214,34,2,0
BRDA:221,35,0,0
BRDA:221,35,1,0
BRDA:221,35,2,0
BRDA:228,36,0,0
BRDA:228,36,1,0
BRDA:228,36,2,0
BRDA:235,37,0,0
BRDA:235,37,1,0
BRDA:235,37,2,0
BRDA:242,38,0,0
BRDA:242,38,1,0
BRDA:242,38,2,0
BRF:93
BRH:0
end_of_record
TN:
SF:src/utils/validation-pipelines.ts
FN:96,(anonymous_0)
FN:114,(anonymous_1)
FN:122,(anonymous_2)
FN:152,(anonymous_3)
FN:171,(anonymous_4)
FN:219,(anonymous_5)
FN:235,(anonymous_6)
FN:271,(anonymous_7)
FN:280,(anonymous_8)
FN:316,createDbToAppPipeline
FN:326,(anonymous_10)
FN:344,createAppToDbPipeline
FN:354,(anonymous_12)
FN:372,createApiResponsePipeline
FN:383,(anonymous_14)
FN:399,createUserInputPipeline
FN:412,(anonymous_16)
FN:417,(anonymous_17)
FN:446,composePipelines
FN:456,(anonymous_19)
FN:459,(anonymous_20)
FN:464,(anonymous_21)
FN:480,(anonymous_22)
FN:484,(anonymous_23)
FN:488,(anonymous_24)
FN:492,(anonymous_25)
FN:504,(anonymous_26)
FNF:27
FNH:0
FNDA:0,(anonymous_0)
FNDA:0,(anonymous_1)
FNDA:0,(anonymous_2)
FNDA:0,(anonymous_3)
FNDA:0,(anonymous_4)
FNDA:0,(anonymous_5)
FNDA:0,(anonymous_6)
FNDA:0,(anonymous_7)
FNDA:0,(anonymous_8)
FNDA:0,createDbToAppPipeline
FNDA:0,(anonymous_10)
FNDA:0,createAppToDbPipeline
FNDA:0,(anonymous_12)
FNDA:0,createApiResponsePipeline
FNDA:0,(anonymous_14)
FNDA:0,createUserInputPipeline
FNDA:0,(anonymous_16)
FNDA:0,(anonymous_17)
FNDA:0,composePipelines
FNDA:0,(anonymous_19)
FNDA:0,(anonymous_20)
FNDA:0,(anonymous_21)
FNDA:0,(anonymous_22)
FNDA:0,(anonymous_23)
FNDA:0,(anonymous_24)
FNDA:0,(anonymous_25)
FNDA:0,(anonymous_26)
DA:94,0
DA:101,0
DA:102,0
DA:103,0
DA:115,0
DA:116,0
DA:123,0
DA:124,0
DA:125,0
DA:127,0
DA:129,0
DA:130,0
DA:131,0
DA:132,0
DA:134,0
DA:135,0
DA:137,0
DA:144,0
DA:149,0
DA:151,0
DA:152,0
DA:160,0
DA:162,0
DA:163,0
DA:166,0
DA:167,0
DA:170,0
DA:171,0
DA:174,0
DA:178,0
DA:179,0
DA:182,0
DA:193,0
DA:194,0
DA:197,0
DA:200,0
DA:206,0
DA:208,0
DA:209,0
DA:212,0
DA:220,0
DA:221,0
DA:222,0
DA:223,0
DA:224,0
DA:226,0
DA:227,0
DA:229,0
DA:230,0
DA:232,0
DA:233,0
DA:235,0
DA:236,0
DA:238,0
DA:239,0
DA:241,0
DA:254,0
DA:257,0
DA:268,0
DA:269,0
DA:270,0
DA:271,0
DA:274,0
DA:290,0
DA:323,0
DA:326,0
DA:327,0
DA:328,0
DA:329,0
DA:331,0
DA:335,0
DA:337,0
DA:351,0
DA:354,0
DA:355,0
DA:356,0
DA:357,0
DA:359,0
DA:363,0
DA:365,0
DA:377,0
DA:383,0
DA:384,0
DA:385,0
DA:387,0
DA:389,0
DA:392,0
DA:405,0
DA:412,0
DA:413,0
DA:417,0
DA:418,0
DA:419,0
DA:421,0
DA:423,0
DA:424,0
DA:425,0
DA:426,0
DA:428,0
DA:431,0
DA:433,0
DA:436,0
DA:450,0
DA:456,0
DA:457,0
DA:458,0
DA:459,0
DA:462,0
DA:463,0
DA:464,0
DA:467,0
DA:470,0
DA:478,0
DA:481,0
DA:485,0
DA:489,0
DA:493,0
DA:497,0
DA:503,0
DA:508,0
LF:120
LH:0
BRDA:99,0,0,0
BRDA:134,1,0,0
BRDA:134,1,1,0
BRDA:139,2,0,0
BRDA:139,2,1,0
BRDA:151,3,0,0
BRDA:151,3,1,0
BRDA:162,4,0,0
BRDA:162,4,1,0
BRDA:166,5,0,0
BRDA:166,5,1,0
BRDA:170,6,0,0
BRDA:170,6,1,0
BRDA:178,7,0,0
BRDA:178,7,1,0
BRDA:193,8,0,0
BRDA:193,8,1,0
BRDA:202,9,0,0
BRDA:202,9,1,0
BRDA:208,10,0,0
BRDA:208,10,1,0
BRDA:229,11,0,0
BRDA:229,11,1,0
BRDA:229,12,0,0
BRDA:229,12,1,0
BRDA:232,13,0,0
BRDA:232,13,1,0
BRDA:239,14,0,0
BRDA:239,14,1,0
BRDA:258,15,0,0
BRDA:258,15,1,0
BRDA:258,15,2,0
BRDA:268,16,0,0
BRDA:268,16,1,0
BRDA:268,17,0,0
BRDA:268,17,1,0
BRDA:270,18,0,0
BRDA:270,18,1,0
BRDA:270,19,0,0
BRDA:270,19,1,0
BRDA:328,20,0,0
BRDA:328,20,1,0
BRDA:356,21,0,0
BRDA:356,21,1,0
BRDA:384,22,0,0
BRDA:384,22,1,0
BRDA:384,23,0,0
BRDA:384,23,1,0
BRDA:385,24,0,0
BRDA:385,24,1,0
BRDA:402,25,0,0
BRDA:418,26,0,0
BRDA:418,26,1,0
BRDA:421,27,0,0
BRDA:421,27,1,0
BRDA:421,28,0,0
BRDA:421,28,1,0
BRDA:425,29,0,0
BRDA:425,29,1,0
BRDA:458,30,0,0
BRDA:458,30,1,0
BRDA:458,31,0,0
BRDA:458,31,1,0
BRDA:463,32,0,0
BRDA:463,32,1,0
BRDA:463,33,0,0
BRDA:463,33,1,0
BRF:67
BRH:0
end_of_record
TN:
SF:src/utils/validationMonitor.ts
FN:60,(anonymous_0)
FN:91,(anonymous_1)
FN:116,(anonymous_2)
FN:147,(anonymous_3)
FN:183,(anonymous_4)
FN:208,(anonymous_5)
FN:215,(anonymous_6)
FN:227,(anonymous_7)
FN:285,(anonymous_8)
FNF:9
FNH:0
FNDA:0,(anonymous_0)
FNDA:0,(anonymous_1)
FNDA:0,(anonymous_2)
FNDA:0,(anonymous_3)
FNDA:0,(anonymous_4)
FNDA:0,(anonymous_5)
FNDA:0,(anonymous_6)
FNDA:0,(anonymous_7)
FNDA:0,(anonymous_8)
DA:47,3
DA:54,3
DA:61,0
DA:62,0
DA:64,0
DA:75,0
DA:76,0
DA:77,0
DA:78,0
DA:80,0
DA:92,0
DA:93,0
DA:95,0
DA:104,0
DA:117,0
DA:118,0
DA:120,0
DA:127,0
DA:129,0
DA:130,0
DA:132,0
DA:133,0
DA:135,0
DA:136,0
DA:138,0
DA:139,0
DA:154,0
DA:155,0
DA:157,0
DA:166,0
DA:168,0
DA:169,0
DA:171,0
DA:172,0
DA:174,0
DA:175,0
DA:190,0
DA:192,0
DA:201,0
DA:209,0
DA:216,0
DA:232,0
DA:233,0
DA:236,0
DA:242,0
DA:249,0
DA:250,0
DA:251,0
DA:253,0
DA:254,0
DA:255,0
DA:257,0
DA:258,0
DA:259,0
DA:263,0
DA:264,0
DA:265,0
DA:266,0
DA:268,0
DA:269,0
DA:270,0
DA:272,0
DA:273,0
DA:274,0
DA:278,0
DA:286,0
LF:66
LH:2
BRDA:75,0,0,0
BRDA:75,0,1,0
BRDA:77,1,0,0
BRDA:77,1,1,0
BRDA:127,2,0,0
BRDA:127,2,1,0
BRDA:127,2,2,0
BRDA:127,2,3,0
BRDA:166,3,0,0
BRDA:166,3,1,0
BRDA:166,3,2,0
BRDA:249,4,0,0
BRDA:249,4,1,0
BRDA:253,5,0,0
BRDA:253,5,1,0
BRDA:257,6,0,0
BRDA:257,6,1,0
BRDA:263,7,0,0
BRDA:263,7,1,0
BRDA:264,8,0,0
BRDA:264,8,1,0
BRDA:268,9,0,0
BRDA:268,9,1,0
BRDA:272,10,0,0
BRDA:272,10,1,0
BRF:25
BRH:0
end_of_record
TN:
SF:src/utils/validationPipeline.ts
FN:66,(anonymous_0)
FN:115,(anonymous_1)
FN:175,(anonymous_2)
FN:189,(anonymous_3)
FN:217,(anonymous_4)
FN:281,(anonymous_5)
FN:334,(anonymous_6)
FN:397,(anonymous_7)
FN:407,(anonymous_8)
FN:419,(anonymous_9)
FN:444,(anonymous_10)
FN:469,(anonymous_11)
FN:512,(anonymous_12)
FN:516,(anonymous_13)
FN:521,(anonymous_14)
FN:524,(anonymous_15)
FN:529,(anonymous_16)
FN:532,(anonymous_17)
FN:537,(anonymous_18)
FN:545,(anonymous_19)
FN:548,(anonymous_20)
FN:549,(anonymous_21)
FNF:22
FNH:0
FNDA:0,(anonymous_0)
FNDA:0,(anonymous_1)
FNDA:0,(anonymous_2)
FNDA:0,(anonymous_3)
FNDA:0,(anonymous_4)
FNDA:0,(anonymous_5)
FNDA:0,(anonymous_6)
FNDA:0,(anonymous_7)
FNDA:0,(anonymous_8)
FNDA:0,(anonymous_9)
FNDA:0,(anonymous_10)
FNDA:0,(anonymous_11)
FNDA:0,(anonymous_12)
FNDA:0,(anonymous_13)
FNDA:0,(anonymous_14)
FNDA:0,(anonymous_15)
FNDA:0,(anonymous_16)
FNDA:0,(anonymous_17)
FNDA:0,(anonymous_18)
FNDA:0,(anonymous_19)
FNDA:0,(anonymous_20)
FNDA:0,(anonymous_21)
DA:57,0
DA:71,0
DA:72,0
DA:73,0
DA:74,0
DA:75,0
DA:76,0
DA:78,0
DA:80,0
DA:81,0
DA:82,0
DA:83,0
DA:84,0
DA:88,0
DA:94,0
DA:95,0
DA:98,0
DA:105,0
DA:106,0
DA:113,0
DA:115,0
DA:116,0
DA:119,0
DA:120,0
DA:128,0
DA:129,0
DA:136,0
DA:137,0
DA:138,0
DA:139,0
DA:140,0
DA:141,0
DA:144,0
DA:154,0
DA:156,0
DA:162,0
DA:180,0
DA:181,0
DA:182,0
DA:188,0
DA:189,0
DA:190,0
DA:193,0
DA:194,0
DA:198,0
DA:201,0
DA:207,0
DA:221,0
DA:222,0
DA:224,0
DA:225,0
DA:228,0
DA:230,0
DA:233,0
DA:234,0
DA:235,0
DA:236,0
DA:240,0
DA:241,0
DA:242,0
DA:243,0
DA:244,0
DA:245,0
DA:250,0
DA:251,0
DA:252,0
DA:253,0
DA:256,0
DA:259,0
DA:260,0
DA:262,0
DA:263,0
DA:264,0
DA:266,0
DA:267,0
DA:269,0
DA:272,0
DA:275,0
DA:285,0
DA:286,0
DA:288,0
DA:289,0
DA:294,0
DA:295,0
DA:296,0
DA:297,0
DA:298,0
DA:299,0
DA:304,0
DA:305,0
DA:306,0
DA:307,0
DA:308,0
DA:309,0
DA:314,0
DA:315,0
DA:316,0
DA:317,0
DA:318,0
DA:319,0
DA:320,0
DA:325,0
DA:328,0
DA:335,0
DA:337,0
DA:339,0
DA:342,0
DA:343,0
DA:344,0
DA:345,0
DA:346,0
DA:347,0
DA:349,0
DA:352,0
DA:353,0
DA:354,0
DA:355,0
DA:356,0
DA:357,0
DA:359,0
DA:362,0
DA:363,0
DA:364,0
DA:365,0
DA:366,0
DA:367,0
DA:369,0
DA:372,0
DA:375,0
DA:378,0
DA:381,0
DA:384,0
DA:387,0
DA:390,0
DA:398,0
DA:407,0
DA:425,0
DA:433,0
DA:434,0
DA:435,0
DA:438,0
DA:450,0
DA:458,0
DA:459,0
DA:460,0
DA:463,0
DA:475,0
DA:484,0
DA:485,0
DA:488,0
DA:489,0
DA:493,0
DA:494,0
DA:497,0
DA:498,0
DA:501,0
DA:508,0
DA:512,0
DA:516,0
DA:521,0
DA:524,0
DA:529,0
DA:532,0
DA:537,0
DA:545,0
DA:548,0
DA:549,0
LF:167
LH:0
BRDA:80,0,0,0
BRDA:80,0,1,0
BRDA:94,1,0,0
BRDA:94,1,1,0
BRDA:105,2,0,0
BRDA:105,2,1,0
BRDA:113,3,0,0
BRDA:113,3,1,0
BRDA:119,4,0,0
BRDA:119,4,1,0
BRDA:136,5,0,0
BRDA:136,5,1,0
BRDA:137,6,0,0
BRDA:137,6,1,0
BRDA:137,7,0,0
BRDA:137,7,1,0
BRDA:147,8,0,0
BRDA:147,8,1,0
BRDA:148,9,0,0
BRDA:148,9,1,0
BRDA:154,10,0,0
BRDA:154,10,1,0
BRDA:188,11,0,0
BRDA:188,11,1,0
BRDA:193,12,0,0
BRDA:193,12,1,0
BRDA:209,13,0,0
BRDA:209,13,1,0
BRDA:224,14,0,0
BRDA:224,14,1,0
BRDA:224,15,0,0
BRDA:224,15,1,0
BRDA:228,16,0,0
BRDA:228,16,1,0
BRDA:233,17,0,0
BRDA:233,17,1,0
BRDA:242,18,0,0
BRDA:242,18,1,0
BRDA:251,19,0,0
BRDA:251,19,1,0
BRDA:259,20,0,0
BRDA:259,20,1,0
BRDA:259,21,0,0
BRDA:259,21,1,0
BRDA:260,22,0,0
BRDA:260,22,1,0
BRDA:266,23,0,0
BRDA:266,23,1,0
BRDA:288,24,0,0
BRDA:288,24,1,0
BRDA:288,25,0,0
BRDA:288,25,1,0
BRDA:288,25,2,0
BRDA:294,26,0,0
BRDA:294,26,1,0
BRDA:294,27,0,0
BRDA:294,27,1,0
BRDA:296,28,0,0
BRDA:296,28,1,0
BRDA:304,29,0,0
BRDA:304,29,1,0
BRDA:304,30,0,0
BRDA:304,30,1,0
BRDA:306,31,0,0
BRDA:306,31,1,0
BRDA:315,32,0,0
BRDA:315,32,1,0
BRDA:315,33,0,0
BRDA:315,33,1,0
BRDA:317,34,0,0
BRDA:317,34,1,0
BRDA:317,35,0,0
BRDA:317,35,1,0
BRDA:317,35,2,0
BRDA:317,35,3,0
BRDA:335,36,0,0
BRDA:335,36,1,0
BRDA:337,37,0,0
BRDA:337,37,1,0
BRDA:337,37,2,0
BRDA:337,37,3,0
BRDA:337,37,4,0
BRDA:337,37,5,0
BRDA:337,37,6,0
BRDA:337,37,7,0
BRDA:337,37,8,0
BRDA:337,37,9,0
BRDA:337,37,10,0
BRDA:342,38,0,0
BRDA:342,38,1,0
BRDA:344,39,0,0
BRDA:344,39,1,0
BRDA:346,40,0,0
BRDA:346,40,1,0
BRDA:352,41,0,0
BRDA:352,41,1,0
BRDA:354,42,0,0
BRDA:354,42,1,0
BRDA:356,43,0,0
BRDA:356,43,1,0
BRDA:362,44,0,0
BRDA:362,44,1,0
BRDA:364,45,0,0
BRDA:364,45,1,0
BRDA:366,46,0,0
BRDA:366,46,1,0
BRDA:387,47,0,0
BRDA:387,47,1,0
BRDA:390,48,0,0
BRDA:390,48,1,0
BRDA:433,49,0,0
BRDA:433,49,1,0
BRDA:434,50,0,0
BRDA:434,50,1,0
BRDA:458,51,0,0
BRDA:458,51,1,0
BRDA:459,52,0,0
BRDA:459,52,1,0
BRDA:484,53,0,0
BRDA:484,53,1,0
BRDA:488,54,0,0
BRDA:488,54,1,0
BRDA:493,55,0,0
BRDA:493,55,1,0
BRDA:497,56,0,0
BRDA:497,56,1,0
BRDA:497,57,0,0
BRDA:497,57,1,0
BRDA:545,58,0,0
BRDA:545,59,0,0
BRF:130
BRH:0
end_of_record
